2024-11-17 12:55:21,172 [INFO] Activator:176 - 


2024-11-17 12:55:21,182 [INFO] Activator:177 - !SESSION log4j initialized
2024-11-17 12:55:26,487 [INFO] LogOutputStream:77 - [STDOUT_REDIRECT] 
2024-11-17 12:55:29,309 [INFO] ApplicationProperties:184 - Using Application install path: C:\ST\STM32CubeIDE_1.16.1\STM32CubeIDE\plugins\com.st.stm32cube.common.mx_6.12.1.202409122256
2024-11-17 12:55:29,335 [INFO] DbMcusXml:78 - Set database path to: C:\ST\STM32CubeIDE_1.16.1\STM32CubeIDE\plugins\com.st.stm32cube.common.mx_6.12.1.202409122256\\db\/mcu/
2024-11-17 12:55:29,335 [INFO] ApiDb:274 - Set plugin database path to: C:\ST\STM32CubeIDE_1.16.1\STM32CubeIDE\plugins\com.st.stm32cube.common.mx_6.12.1.202409122256\\db\/plugins/boardmanager/
2024-11-17 12:55:29,336 [WARN] ApiDb:259 - Overriding images path with different value:  => C:\ST\STM32CubeIDE_1.16.1\STM32CubeIDE\plugins\com.st.stm32cube.common.mx_6.12.1.202409122256\\db\/plugins/mcufinder/images/
2024-11-17 12:55:29,355 [INFO] ApiDb:250 - Set database path to: C:\Users\dudah\.stmcufinder\plugins\mcufinder//mcu/
2024-11-17 12:55:29,356 [INFO] DbMcusAds:125 - Set database path to: C:\Users\dudah\.stmcufinder\plugins\mcufinder//mcu/
2024-11-17 12:55:29,359 [INFO] CrossReferenceDbSqlite:203 - Set database path to: C:\Users\dudah\.stmcufinder\plugins\mcufinder//mcu/cs/
2024-11-17 12:55:29,480 [INFO] RulesReader:64 - Compatibility file has been processed (297 Rules)
2024-11-17 12:55:29,585 [INFO] DbMcusXml:78 - Set database path to: C:\ST\STM32CubeIDE_1.16.1\STM32CubeIDE\plugins\com.st.stm32cube.common.mx_6.12.1.202409122256\\db\/mcu/
2024-11-17 12:55:29,585 [INFO] ApiDb:274 - Set plugin database path to: C:\ST\STM32CubeIDE_1.16.1\STM32CubeIDE\plugins\com.st.stm32cube.common.mx_6.12.1.202409122256\\db\/plugins/boardmanager/
2024-11-17 12:55:29,585 [INFO] ApiDb:261 - Set plugin images path to: C:\ST\STM32CubeIDE_1.16.1\STM32CubeIDE\plugins\com.st.stm32cube.common.mx_6.12.1.202409122256\\db\/plugins/mcufinder/images/
2024-11-17 12:55:29,585 [WARN] DbFile:41 - Overriding database path with different value: C:\Users\dudah\.stmcufinder\plugins\mcufinder/ => C:\Users\dudah\.stmcufinder\plugins\mcufinder
2024-11-17 12:55:29,585 [INFO] ApiDb:250 - Set database path to: C:\Users\dudah\.stmcufinder\plugins\mcufinder//mcu/
2024-11-17 12:55:29,585 [WARN] DbFile:41 - Overriding database path with different value: C:\Users\dudah\.stmcufinder\plugins\mcufinder/ => C:\Users\dudah\.stmcufinder\plugins\mcufinder
2024-11-17 12:55:29,585 [INFO] DbMcusAds:125 - Set database path to: C:\Users\dudah\.stmcufinder\plugins\mcufinder//mcu/
2024-11-17 12:55:29,585 [WARN] DbFile:41 - Overriding database path with different value: C:\Users\dudah\.stmcufinder\plugins\mcufinder/ => C:\Users\dudah\.stmcufinder\plugins\mcufinder
2024-11-17 12:55:29,585 [WARN] DbFile:41 - Overriding database path with different value: C:\Users\dudah\.stmcufinder\plugins\mcufinder/ => C:\Users\dudah\.stmcufinder\plugins\mcufinder
2024-11-17 12:55:29,586 [INFO] CrossReferenceDbSqlite:203 - Set database path to: C:\Users\dudah\.stmcufinder\plugins\mcufinder//mcu/cs/
2024-11-17 12:55:29,679 [INFO] MainPanel:268 - HeapMemory: 268435456
2024-11-17 12:55:29,815 [INFO] DbMcusXml:78 - Set database path to: C:\ST\STM32CubeIDE_1.16.1\STM32CubeIDE\plugins\com.st.stm32cube.common.mx_6.12.1.202409122256\\db\/mcu/
2024-11-17 12:55:29,815 [INFO] ApiDb:274 - Set plugin database path to: C:\ST\STM32CubeIDE_1.16.1\STM32CubeIDE\plugins\com.st.stm32cube.common.mx_6.12.1.202409122256\\db\/plugins/boardmanager/
2024-11-17 12:55:29,815 [INFO] ApiDb:261 - Set plugin images path to: C:\ST\STM32CubeIDE_1.16.1\STM32CubeIDE\plugins\com.st.stm32cube.common.mx_6.12.1.202409122256\\db\/plugins/mcufinder/images/
2024-11-17 12:55:29,816 [WARN] DbFile:41 - Overriding database path with different value: C:\Users\dudah\.stmcufinder\plugins\mcufinder/ => C:\Users\dudah\.stmcufinder\plugins\mcufinder
2024-11-17 12:55:29,816 [INFO] ApiDb:250 - Set database path to: C:\Users\dudah\.stmcufinder\plugins\mcufinder//mcu/
2024-11-17 12:55:29,816 [WARN] DbFile:41 - Overriding database path with different value: C:\Users\dudah\.stmcufinder\plugins\mcufinder/ => C:\Users\dudah\.stmcufinder\plugins\mcufinder
2024-11-17 12:55:29,816 [INFO] DbMcusAds:125 - Set database path to: C:\Users\dudah\.stmcufinder\plugins\mcufinder//mcu/
2024-11-17 12:55:29,816 [WARN] DbFile:41 - Overriding database path with different value: C:\Users\dudah\.stmcufinder\plugins\mcufinder/ => C:\Users\dudah\.stmcufinder\plugins\mcufinder
2024-11-17 12:55:29,816 [WARN] DbFile:41 - Overriding database path with different value: C:\Users\dudah\.stmcufinder\plugins\mcufinder/ => C:\Users\dudah\.stmcufinder\plugins\mcufinder
2024-11-17 12:55:29,816 [INFO] CrossReferenceDbSqlite:203 - Set database path to: C:\Users\dudah\.stmcufinder\plugins\mcufinder//mcu/cs/
2024-11-17 12:55:29,836 [INFO] ApplicationProperties:184 - Using Application install path: C:\ST\STM32CubeIDE_1.16.1\STM32CubeIDE\plugins\com.st.stm32cube.common.mx_6.12.1.202409122256
2024-11-17 12:55:29,838 [INFO] PluginManage:196 - Search for loadable plugins [exclusion list=, ]
2024-11-17 12:55:29,839 [INFO] PluginManage:310 - Check plugin analytics
2024-11-17 12:55:30,032 [INFO] AnalyticsPlugin:253 - Accepted Software Licenses: 
2024-11-17 12:55:30,033 [INFO] AnalyticsPlugin:255 - Accepted CMSIS Pack Licenses: 
2024-11-17 12:55:30,033 [INFO] AnalyticsPlugin:257 - Accepted Firmware Licenses: FW.F4.1.28.0
2024-11-17 12:55:30,035 [INFO] PluginManage:359 - Loaded plugin analytics (category:tool,tabindex:-1)
2024-11-17 12:55:30,035 [INFO] PluginManage:310 - Check plugin cadmodel
2024-11-17 12:55:30,055 [INFO] CADModel:105 - Init CAD model plugin
2024-11-17 12:55:30,055 [INFO] PluginManage:359 - Loaded plugin cadmodel (category:power,tabindex:5)
2024-11-17 12:55:30,055 [INFO] PluginManage:310 - Check plugin clock
2024-11-17 12:55:30,079 [INFO] PluginManage:359 - Loaded plugin clock (category:base,tabindex:2)
2024-11-17 12:55:30,079 [INFO] PluginManage:310 - Check plugin ddr
2024-11-17 12:55:30,083 [INFO] PluginManage:359 - Loaded plugin ddr (category:tool,tabindex:6)
2024-11-17 12:55:30,083 [INFO] PluginManage:310 - Check plugin filemanager
2024-11-17 12:55:30,261 [INFO] PluginManage:359 - Loaded plugin filemanager (category:base,tabindex:10)
2024-11-17 12:55:30,261 [INFO] PluginManage:310 - Check plugin ipmanager
2024-11-17 12:55:30,269 [INFO] PluginManage:359 - Loaded plugin ipmanager (category:base,tabindex:5)
2024-11-17 12:55:30,269 [INFO] PluginManage:310 - Check plugin lpbam
2024-11-17 12:55:30,288 [INFO] PluginManage:359 - Loaded plugin lpbam (category:base,tabindex:0)
2024-11-17 12:55:30,288 [INFO] PluginManage:310 - Check plugin memorymap
2024-11-17 12:55:30,314 [INFO] PluginManage:359 - Loaded plugin memorymap (category:base,tabindex:4)
2024-11-17 12:55:30,314 [INFO] PluginManage:310 - Check plugin pinoutandconfiguration
2024-11-17 12:55:30,333 [INFO] PluginManage:359 - Loaded plugin pinoutandconfiguration (category:base,tabindex:1)
2024-11-17 12:55:30,333 [INFO] PluginManage:310 - Check plugin pinoutconfig
2024-11-17 12:55:30,441 [WARN] SupportedApi:132 - Cannot load RTOS API schema: s4s-elt-must-match.1: The content of 'definitions' must match (annotation?, (simpleType | complexType)?, (unique | key | keyref)*)). A problem was found starting at: attribute.
2024-11-17 12:55:30,616 [INFO] PluginManage:359 - Loaded plugin pinoutconfig (category:base,tabindex:0)
2024-11-17 12:55:30,616 [INFO] PluginManage:310 - Check plugin power
2024-11-17 12:55:30,642 [INFO] PluginManage:359 - Loaded plugin power (category:power,tabindex:4)
2024-11-17 12:55:30,642 [INFO] PluginManage:310 - Check plugin projectmanager
2024-11-17 12:55:30,660 [INFO] PluginManage:359 - Loaded plugin projectmanager (category:projectmanager,tabindex:4)
2024-11-17 12:55:30,660 [INFO] PluginManage:310 - Check plugin rif
2024-11-17 12:55:30,677 [INFO] PluginManage:359 - Loaded plugin rif (category:base,tabindex:3)
2024-11-17 12:55:30,678 [INFO] PluginManage:310 - Check plugin thirdparty
2024-11-17 12:55:31,005 [INFO] PluginManage:359 - Loaded plugin thirdparty (category:base,tabindex:-1)
2024-11-17 12:55:31,005 [WARN] IntegrityCheckThread:84 - waiting for thirdparty lock release [integrity check]
2024-11-17 12:55:31,005 [INFO] PluginManage:310 - Check plugin tools
2024-11-17 12:55:31,005 [INFO] IntegrityCheckThread:86 - entering critical section [integrity check]
2024-11-17 12:55:31,006 [INFO] ThirdPartyUpdaterWithRetryManager:70 - Updater plugin not ready yet. [1/15]
2024-11-17 12:55:31,038 [INFO] PluginManage:359 - Loaded plugin tools (category:base,tabindex:7)
2024-11-17 12:55:31,038 [INFO] PluginManage:310 - Check plugin tutovideos
2024-11-17 12:55:31,262 [INFO] PluginManage:359 - Loaded plugin tutovideos (category:base,tabindex:-1)
2024-11-17 12:55:31,262 [INFO] PluginManage:310 - Check plugin updater
2024-11-17 12:55:31,281 [INFO] PluginManage:359 - Loaded plugin updater (category:base,tabindex:12)
2024-11-17 12:55:31,281 [INFO] PluginManage:310 - Check plugin userauth
2024-11-17 12:55:31,291 [INFO] UserAuth:113 - Init User Auth plugin
2024-11-17 12:55:31,291 [INFO] PluginManage:359 - Loaded plugin userauth (category:base,tabindex:14)
2024-11-17 12:55:31,291 [INFO] PluginManage:283 - PluginManage : Loaded plugins [18]
2024-11-17 12:55:31,502 [INFO] PinOutPanel:1561 - setPackage(No Configuration,No Configuration)
2024-11-17 12:55:31,610 [INFO] CADModel:165 - CPN selected for project level
2024-11-17 12:55:31,610 [INFO] CADModel:114 - Register for checkConnection events
2024-11-17 12:55:31,638 [INFO] IPUIPlugin:80 - create IPUIPlugin
2024-11-17 12:55:31,638 [INFO] PluginManager:220 - loadIPPluginJar : add adc
2024-11-17 12:55:31,677 [INFO] IPUIPlugin:80 - create IPUIPlugin
2024-11-17 12:55:31,678 [INFO] PluginManager:220 - loadIPPluginJar : add aes
2024-11-17 12:55:31,714 [INFO] IPUIPlugin:80 - create IPUIPlugin
2024-11-17 12:55:31,714 [INFO] PluginManager:220 - loadIPPluginJar : add can
2024-11-17 12:55:31,735 [INFO] IPUIPlugin:80 - create IPUIPlugin
2024-11-17 12:55:31,735 [INFO] PluginManager:220 - loadIPPluginJar : add comp
2024-11-17 12:55:31,765 [INFO] IPUIPlugin:80 - create IPUIPlugin
2024-11-17 12:55:31,765 [INFO] PluginManager:220 - loadIPPluginJar : add cryp
2024-11-17 12:55:31,781 [INFO] IPUIPlugin:80 - create IPUIPlugin
2024-11-17 12:55:31,781 [INFO] PluginManager:220 - loadIPPluginJar : add ddr_ctrl_phy
2024-11-17 12:55:31,810 [INFO] IPUIPlugin:80 - create IPUIPlugin
2024-11-17 12:55:31,810 [INFO] PluginManager:220 - loadIPPluginJar : add dfsdm
2024-11-17 12:55:31,834 [INFO] IPUIPlugin:80 - create IPUIPlugin
2024-11-17 12:55:31,835 [INFO] PluginManager:220 - loadIPPluginJar : add dma
2024-11-17 12:55:31,872 [INFO] IPUIPlugin:80 - create IPUIPlugin
2024-11-17 12:55:31,873 [INFO] PluginManager:220 - loadIPPluginJar : add dma3
2024-11-17 12:55:31,924 [INFO] IPUIPlugin:80 - create IPUIPlugin
2024-11-17 12:55:31,924 [INFO] PluginManager:220 - loadIPPluginJar : add extmemmanager
2024-11-17 12:55:31,944 [INFO] IPUIPlugin:80 - create IPUIPlugin
2024-11-17 12:55:31,944 [INFO] PluginManager:220 - loadIPPluginJar : add fatfs
2024-11-17 12:55:31,992 [INFO] IPUIPlugin:80 - create IPUIPlugin
2024-11-17 12:55:31,992 [INFO] PluginManager:220 - loadIPPluginJar : add fmc
2024-11-17 12:55:32,009 [INFO] IPUIPlugin:80 - create IPUIPlugin
2024-11-17 12:55:32,009 [INFO] PluginManager:220 - loadIPPluginJar : add freertos
2024-11-17 12:55:32,029 [INFO] IPUIPlugin:80 - create IPUIPlugin
2024-11-17 12:55:32,029 [INFO] PluginManager:220 - loadIPPluginJar : add genericplugin
2024-11-17 12:55:32,125 [INFO] IPUIPlugin:80 - create IPUIPlugin
2024-11-17 12:55:32,125 [INFO] PluginManager:220 - loadIPPluginJar : add gfxmmu
2024-11-17 12:55:32,278 [INFO] IPUIPlugin:80 - create IPUIPlugin
2024-11-17 12:55:32,278 [INFO] PluginManager:220 - loadIPPluginJar : add gic
2024-11-17 12:55:32,291 [INFO] IPUIPlugin:80 - create IPUIPlugin
2024-11-17 12:55:32,291 [INFO] PluginManager:220 - loadIPPluginJar : add gpio
2024-11-17 12:55:32,389 [INFO] IPUIPlugin:80 - create IPUIPlugin
2024-11-17 12:55:32,389 [INFO] PluginManager:220 - loadIPPluginJar : add gtzc
2024-11-17 12:55:32,426 [INFO] IPUIPlugin:80 - create IPUIPlugin
2024-11-17 12:55:32,426 [INFO] PluginManager:220 - loadIPPluginJar : add hash
2024-11-17 12:55:32,478 [INFO] IPUIPlugin:80 - create IPUIPlugin
2024-11-17 12:55:32,478 [INFO] PluginManager:220 - loadIPPluginJar : add i2c
2024-11-17 12:55:32,513 [INFO] IPUIPlugin:80 - create IPUIPlugin
2024-11-17 12:55:32,514 [INFO] PluginManager:220 - loadIPPluginJar : add i2s
2024-11-17 12:55:32,555 [INFO] IPUIPlugin:80 - create IPUIPlugin
2024-11-17 12:55:32,555 [INFO] PluginManager:220 - loadIPPluginJar : add i3c
2024-11-17 12:55:32,682 [INFO] IPUIPlugin:80 - create IPUIPlugin
2024-11-17 12:55:32,683 [INFO] PluginManager:220 - loadIPPluginJar : add ipddr
2024-11-17 12:55:32,786 [INFO] IPUIPlugin:80 - create IPUIPlugin
2024-11-17 12:55:32,786 [INFO] PluginManager:220 - loadIPPluginJar : add linkedlist
2024-11-17 12:55:32,818 [INFO] IPUIPlugin:80 - create IPUIPlugin
2024-11-17 12:55:32,819 [INFO] PluginManager:220 - loadIPPluginJar : add lorawan
2024-11-17 12:55:32,852 [INFO] IPUIPlugin:80 - create IPUIPlugin
2024-11-17 12:55:32,852 [INFO] PluginManager:220 - loadIPPluginJar : add ltdc
2024-11-17 12:55:32,864 [INFO] IPUIPlugin:80 - create IPUIPlugin
2024-11-17 12:55:32,864 [INFO] PluginManager:220 - loadIPPluginJar : add mdma
2024-11-17 12:55:32,878 [INFO] IPUIPlugin:80 - create IPUIPlugin
2024-11-17 12:55:32,878 [INFO] PluginManager:220 - loadIPPluginJar : add nvic
2024-11-17 12:55:32,913 [INFO] IPUIPlugin:80 - create IPUIPlugin
2024-11-17 12:55:32,913 [INFO] PluginManager:220 - loadIPPluginJar : add opamp
2024-11-17 12:55:32,969 [INFO] IPUIPlugin:80 - create IPUIPlugin
2024-11-17 12:55:32,969 [INFO] PluginManager:220 - loadIPPluginJar : add openamp
2024-11-17 12:55:33,030 [INFO] IPUIPlugin:80 - create IPUIPlugin
2024-11-17 12:55:33,030 [INFO] PluginManager:220 - loadIPPluginJar : add pdm2pcm
2024-11-17 12:55:33,046 [INFO] IPUIPlugin:80 - create IPUIPlugin
2024-11-17 12:55:33,048 [INFO] PluginManager:220 - loadIPPluginJar : add plateformsettings
2024-11-17 12:55:33,071 [INFO] IPUIPlugin:80 - create IPUIPlugin
2024-11-17 12:55:33,071 [INFO] PluginManager:220 - loadIPPluginJar : add quadspi
2024-11-17 12:55:33,100 [INFO] IPUIPlugin:80 - create IPUIPlugin
2024-11-17 12:55:33,101 [INFO] PluginManager:220 - loadIPPluginJar : add radio
2024-11-17 12:55:33,115 [INFO] IPUIPlugin:80 - create IPUIPlugin
2024-11-17 12:55:33,115 [INFO] PluginManager:220 - loadIPPluginJar : add resmgrutility
2024-11-17 12:55:33,159 [INFO] IPUIPlugin:80 - create IPUIPlugin
2024-11-17 12:55:33,159 [INFO] PluginManager:220 - loadIPPluginJar : add sai
2024-11-17 12:55:33,210 [INFO] IPUIPlugin:80 - create IPUIPlugin
2024-11-17 12:55:33,210 [INFO] PluginManager:220 - loadIPPluginJar : add spi
2024-11-17 12:55:33,310 [INFO] IPUIPlugin:80 - create IPUIPlugin
2024-11-17 12:55:33,310 [INFO] PluginManager:220 - loadIPPluginJar : add stm32_wpan
2024-11-17 12:55:33,335 [INFO] IPUIPlugin:80 - create IPUIPlugin
2024-11-17 12:55:33,335 [INFO] PluginManager:220 - loadIPPluginJar : add tim
2024-11-17 12:55:33,416 [INFO] IPUIPlugin:80 - create IPUIPlugin
2024-11-17 12:55:33,416 [INFO] PluginManager:220 - loadIPPluginJar : add touchsensing
2024-11-17 12:55:33,442 [INFO] IPUIPlugin:80 - create IPUIPlugin
2024-11-17 12:55:33,442 [INFO] PluginManager:220 - loadIPPluginJar : add tracer_emb
2024-11-17 12:55:33,489 [INFO] IPUIPlugin:80 - create IPUIPlugin
2024-11-17 12:55:33,489 [INFO] PluginManager:220 - loadIPPluginJar : add ts
2024-11-17 12:55:33,511 [INFO] IPUIPlugin:80 - create IPUIPlugin
2024-11-17 12:55:33,511 [INFO] PluginManager:220 - loadIPPluginJar : add tsc
2024-11-17 12:55:33,532 [INFO] IPUIPlugin:80 - create IPUIPlugin
2024-11-17 12:55:33,532 [INFO] PluginManager:220 - loadIPPluginJar : add ucpd
2024-11-17 12:55:33,576 [INFO] IPUIPlugin:80 - create IPUIPlugin
2024-11-17 12:55:33,576 [INFO] PluginManager:220 - loadIPPluginJar : add usart
2024-11-17 12:55:33,614 [INFO] IPUIPlugin:80 - create IPUIPlugin
2024-11-17 12:55:33,614 [INFO] PluginManager:220 - loadIPPluginJar : add usbx
2024-11-17 12:55:33,736 [INFO] CADModel:165 - CPN selected for project level
2024-11-17 12:55:33,736 [INFO] CADModel:114 - Register for checkConnection events
2024-11-17 12:55:33,737 [FATAL] Updater:334 - Updater called before beeing initialized
2024-11-17 12:55:33,737 [ERROR] CADModel:125 - Updater not yet initialized, retry later 
2024-11-17 12:55:33,861 [INFO] CADModel:165 - CPN selected for project level
2024-11-17 12:55:33,861 [INFO] CADModel:114 - Register for checkConnection events
2024-11-17 12:55:33,861 [FATAL] Updater:334 - Updater called before beeing initialized
2024-11-17 12:55:33,861 [ERROR] CADModel:125 - Updater not yet initialized, retry later 
2024-11-17 12:55:33,863 [FATAL] Updater:334 - Updater called before beeing initialized
2024-11-17 12:55:33,965 [FATAL] Updater:334 - Updater called before beeing initialized
2024-11-17 12:55:33,977 [INFO] DbMcusAds:53 - JSON generation date=Fri Sep 20 22:04:38 KST 2024 (1726837478367)
2024-11-17 12:55:33,977 [FATAL] Updater:334 - Updater called before beeing initialized
2024-11-17 12:55:34,007 [INFO] ThirdPartyUpdaterWithRetryManager:70 - Updater plugin not ready yet. [2/15]
2024-11-17 12:55:34,026 [WARN] DetailPanel:346 - Failed to get advertising image, set to default
2024-11-17 12:55:34,119 [FATAL] Updater:334 - Updater called before beeing initialized
2024-11-17 12:55:34,121 [FATAL] Updater:334 - Updater called before beeing initialized
2024-11-17 12:55:34,121 [FATAL] Updater:334 - Updater called before beeing initialized
2024-11-17 12:55:34,121 [WARN] DetailPanel:346 - Failed to get advertising image, set to default
2024-11-17 12:55:34,122 [FATAL] Updater:334 - Updater called before beeing initialized
2024-11-17 12:55:34,184 [ERROR] Updater:1164 - MainUpdater not yet initialized. External WinMGr cannot be set.
2024-11-17 12:55:34,194 [INFO] Updater:1100 - Updater Version found : 6.12.1
2024-11-17 12:55:34,218 [INFO] ApplicationProperties:184 - Using Application install path: C:\ST\STM32CubeIDE_1.16.1\STM32CubeIDE\plugins\com.st.stm32cube.common.mx_6.12.1.202409122256
2024-11-17 12:55:35,799 [ERROR] LogOutputStream:75 - [STDERR_REDIRECT] Nov 17, 2024 12:55:35 PM java.util.prefs.WindowsPreferences <init>
2024-11-17 12:55:35,801 [ERROR] LogOutputStream:75 - [STDERR_REDIRECT] WARNING: Could not open/create prefs root node Software\JavaSoft\Prefs at root 0xffffffff80000002. Windows RegCreateKeyEx(...) returned error code 5.
2024-11-17 12:55:35,801 [ERROR] LogOutputStream:75 - [STDERR_REDIRECT] 
2024-11-17 12:55:36,450 [INFO] MainUpdater:2873 - connection check result : 10
2024-11-17 12:55:36,451 [INFO] MainUpdater:290 - Updater Check For Update Now.
2024-11-17 12:55:36,451 [INFO] MicroXplorer:498 - Change Database Version : DB.6.0.121
2024-11-17 12:55:36,467 [INFO] McuFinderGlobals:63 - Set McuFinder mode to 2 (CubeIDE integrated)
2024-11-17 12:55:36,467 [INFO] UserAuth:179 - activating auth plugin
2024-11-17 12:55:36,473 [INFO] UserAuth:417 - Internet connection configuration mode: 1
2024-11-17 12:55:36,514 [INFO] JxBrowserEngine:152 - Initiate JxBrowser Engine with user profile folder
2024-11-17 12:55:36,708 [INFO] CheckServerUpdateThread:120 - End of CheckServer Thread
2024-11-17 12:55:37,330 [WARN] PackLoader:240 - Cannot read IP mode file for STMicroelectronics.FP-SNS-MOTENVWB1.1.4.0
2024-11-17 12:55:37,353 [WARN] PackLoader:240 - Cannot read IP mode file for STMicroelectronics.FP-ATR-ASTRA1.2.0.1
2024-11-17 12:55:37,372 [WARN] PackLoader:240 - Cannot read IP mode file for STMicroelectronics.X-CUBE-SMBUS.2.1.0
2024-11-17 12:55:37,394 [WARN] PackLoader:240 - Cannot read IP mode file for STMicroelectronics.X-CUBE-WB05N.1.1.0
2024-11-17 12:55:37,415 [WARN] PackLoader:240 - Cannot read IP mode file for STMicroelectronics.X-CUBE-TOUCHGFX.4.23.2
2024-11-17 12:55:37,467 [WARN] PackLoader:240 - Cannot read IP mode file for STMicroelectronics.X-CUBE-AZRTOS-F7.1.1.0
2024-11-17 12:55:37,562 [WARN] PackLoader:240 - Cannot read IP mode file for STMicroelectronics.X-CUBE-MEMS1.11.0.0
2024-11-17 12:55:37,764 [WARN] PackLoader:240 - Cannot read IP mode file for STMicroelectronics.FP-SNS-FLIGHT1.5.0.2
2024-11-17 12:55:37,789 [WARN] PackLoader:240 - Cannot read IP mode file for STMicroelectronics.X-CUBE-DISPLAY.3.0.0
2024-11-17 12:55:37,811 [WARN] PackLoader:240 - Cannot read IP mode file for STMicroelectronics.X-CUBE-BLE1.7.0.0
2024-11-17 12:55:37,829 [WARN] PackLoader:240 - Cannot read IP mode file for STMicroelectronics.X-CUBE-NFC10.1.0.0
2024-11-17 12:55:37,848 [WARN] PackLoader:240 - Cannot read IP mode file for emotas.I-CUBE-CANOPEN.1.3.0
2024-11-17 12:55:37,866 [WARN] PackLoader:240 - Cannot read IP mode file for STMicroelectronics.X-CUBE-BLEMGR.3.1.0
2024-11-17 12:55:37,882 [WARN] PackLoader:240 - Cannot read IP mode file for STMicroelectronics.FP-SNS-SMARTAG2.1.2.0
2024-11-17 12:55:37,906 [INFO] LogOutputStream:77 - [STDOUT_REDIRECT] 1 : Invalid condition id : UX_CORESTACK_Condition cause : null
2024-11-17 12:55:37,907 [INFO] LogOutputStream:77 - [STDOUT_REDIRECT] 1 : Invalid condition id : UX_CORESTACK_Condition cause : null
2024-11-17 12:55:37,909 [INFO] LogOutputStream:77 - [STDOUT_REDIRECT] 1 : Invalid condition id : UX_CORESTACK_Condition cause : null
2024-11-17 12:55:37,910 [INFO] LogOutputStream:77 - [STDOUT_REDIRECT] 1 : Invalid condition id : UX_CORESTACK_Condition cause : null
2024-11-17 12:55:37,912 [INFO] LogOutputStream:77 - [STDOUT_REDIRECT] 1 : Invalid condition id : UX_CORESTACK_Condition cause : null
2024-11-17 12:55:37,916 [WARN] PackLoader:240 - Cannot read IP mode file for STMicroelectronics.X-CUBE-AZRTOS-WL.2.0.0
2024-11-17 12:55:37,934 [WARN] PackLoader:240 - Cannot read IP mode file for STMicroelectronics.FP-SNS-MOTENV1.5.0.0
2024-11-17 12:55:37,948 [WARN] PackLoader:240 - Cannot read IP mode file for wolfSSL.I-CUBE-wolfMQTT.1.19.0
2024-11-17 12:55:37,966 [WARN] PackLoader:240 - Cannot read IP mode file for WES.I-CUBE-Cesium.1.3.0
2024-11-17 12:55:37,980 [WARN] PackLoader:240 - Cannot read IP mode file for STMicroelectronics.X-CUBE-BLE2.3.3.0
2024-11-17 12:55:37,996 [WARN] PackLoader:240 - Cannot read IP mode file for STMicroelectronics.X-CUBE-NFC9.1.0.0
2024-11-17 12:55:38,012 [WARN] PackLoader:240 - Cannot read IP mode file for STMicroelectronics.X-CUBE-TCPP.4.1.0
2024-11-17 12:55:38,049 [WARN] PackLoader:240 - Cannot read IP mode file for STMicroelectronics.X-CUBE-AZRTOS-G0.1.1.0
2024-11-17 12:55:38,074 [WARN] PackLoader:240 - Cannot read IP mode file for STMicroelectronics.X-CUBE-SAFEA1.1.2.2
2024-11-17 12:55:38,099 [WARN] PackLoader:240 - Cannot read IP mode file for STMicroelectronics.X-CUBE-NFC4.3.0.0
2024-11-17 12:55:38,116 [WARN] PackLoader:240 - Cannot read IP mode file for wolfSSL.I-CUBE-wolfMQTT.1.18.0
2024-11-17 12:55:38,137 [WARN] PackLoader:240 - Cannot read IP mode file for EmbeddedOffice.I-CUBE-FS-RTOS.1.0.1
2024-11-17 12:55:38,137 [ERROR] ConditionMgr:805 - Attr not supported : Dmpu
2024-11-17 12:55:38,138 [ERROR] ConditionMgr:805 - Attr not supported : Dmpu
2024-11-17 12:55:38,138 [ERROR] ConditionMgr:805 - Attr not supported : Dmpu
2024-11-17 12:55:38,138 [ERROR] ConditionMgr:805 - Attr not supported : Dmpu
2024-11-17 12:55:38,138 [ERROR] ConditionMgr:805 - Attr not supported : Dmpu
2024-11-17 12:55:38,138 [ERROR] ConditionMgr:805 - Attr not supported : Dmpu
2024-11-17 12:55:38,138 [ERROR] ConditionMgr:805 - Attr not supported : Dmpu
2024-11-17 12:55:38,138 [ERROR] ConditionMgr:805 - Attr not supported : Dmpu
2024-11-17 12:55:38,138 [ERROR] ConditionMgr:805 - Attr not supported : Dmpu
2024-11-17 12:55:38,138 [ERROR] ConditionMgr:805 - Attr not supported : Dmpu
2024-11-17 12:55:38,138 [ERROR] ConditionMgr:805 - Attr not supported : Dmpu
2024-11-17 12:55:38,138 [ERROR] ConditionMgr:805 - Attr not supported : Dmpu
2024-11-17 12:55:38,139 [ERROR] ConditionMgr:805 - Attr not supported : Dmpu
2024-11-17 12:55:38,139 [ERROR] ConditionMgr:805 - Attr not supported : Dmpu
2024-11-17 12:55:38,139 [ERROR] ConditionMgr:805 - Attr not supported : Dmpu
2024-11-17 12:55:38,139 [ERROR] ConditionMgr:805 - Attr not supported : Dmpu
2024-11-17 12:55:38,139 [ERROR] ConditionMgr:805 - Attr not supported : Dmpu
2024-11-17 12:55:38,139 [ERROR] ConditionMgr:805 - Attr not supported : Dmpu
2024-11-17 12:55:38,139 [ERROR] ConditionMgr:805 - Attr not supported : Dmpu
2024-11-17 12:55:38,139 [ERROR] ConditionMgr:805 - Attr not supported : Dmpu
2024-11-17 12:55:38,139 [ERROR] ConditionMgr:805 - Attr not supported : Dmpu
2024-11-17 12:55:38,139 [ERROR] ConditionMgr:805 - Attr not supported : Dmpu
2024-11-17 12:55:38,139 [ERROR] ConditionMgr:805 - Attr not supported : Dmpu
2024-11-17 12:55:38,139 [ERROR] ConditionMgr:805 - Attr not supported : Dmpu
2024-11-17 12:55:38,139 [ERROR] ConditionMgr:805 - Attr not supported : Dmpu
2024-11-17 12:55:38,139 [ERROR] ConditionMgr:805 - Attr not supported : Dmpu
2024-11-17 12:55:38,140 [ERROR] ConditionMgr:805 - Attr not supported : Dmpu
2024-11-17 12:55:38,140 [ERROR] ConditionMgr:805 - Attr not supported : Dmpu
2024-11-17 12:55:38,140 [ERROR] ConditionMgr:805 - Attr not supported : Dmpu
2024-11-17 12:55:38,140 [ERROR] ConditionMgr:805 - Attr not supported : Dmpu
2024-11-17 12:55:38,140 [ERROR] ConditionMgr:805 - Attr not supported : Dmpu
2024-11-17 12:55:38,140 [ERROR] ConditionMgr:805 - Attr not supported : Dmpu
2024-11-17 12:55:38,140 [ERROR] ConditionMgr:805 - Attr not supported : Dmpu
2024-11-17 12:55:38,140 [ERROR] ConditionMgr:805 - Attr not supported : Dmpu
2024-11-17 12:55:38,140 [ERROR] ConditionMgr:805 - Attr not supported : Dmpu
2024-11-17 12:55:38,140 [ERROR] ConditionMgr:805 - Attr not supported : Dmpu
2024-11-17 12:55:38,140 [ERROR] ConditionMgr:805 - Attr not supported : Dmpu
2024-11-17 12:55:38,140 [ERROR] ConditionMgr:805 - Attr not supported : Dmpu
2024-11-17 12:55:38,140 [ERROR] ConditionMgr:805 - Attr not supported : Dmpu
2024-11-17 12:55:38,140 [ERROR] ConditionMgr:805 - Attr not supported : Dmpu
2024-11-17 12:55:38,141 [ERROR] ConditionMgr:805 - Attr not supported : Dmpu
2024-11-17 12:55:38,141 [ERROR] ConditionMgr:805 - Attr not supported : Dmpu
2024-11-17 12:55:38,141 [ERROR] ConditionMgr:805 - Attr not supported : Dmpu
2024-11-17 12:55:38,141 [ERROR] ConditionMgr:805 - Attr not supported : Dmpu
2024-11-17 12:55:38,141 [ERROR] ConditionMgr:805 - Attr not supported : Dmpu
2024-11-17 12:55:38,141 [ERROR] ConditionMgr:805 - Attr not supported : Dmpu
2024-11-17 12:55:38,141 [ERROR] ConditionMgr:805 - Attr not supported : Dmpu
2024-11-17 12:55:38,141 [ERROR] ConditionMgr:805 - Attr not supported : Dmpu
2024-11-17 12:55:38,141 [ERROR] ConditionMgr:805 - Attr not supported : Dmpu
2024-11-17 12:55:38,141 [ERROR] ConditionMgr:805 - Attr not supported : Dmpu
2024-11-17 12:55:38,141 [ERROR] ConditionMgr:805 - Attr not supported : Dmpu
2024-11-17 12:55:38,141 [ERROR] ConditionMgr:805 - Attr not supported : Dmpu
2024-11-17 12:55:38,141 [ERROR] ConditionMgr:805 - Attr not supported : Dmpu
2024-11-17 12:55:38,142 [ERROR] ConditionMgr:805 - Attr not supported : Dmpu
2024-11-17 12:55:38,142 [ERROR] ConditionMgr:805 - Attr not supported : Dmpu
2024-11-17 12:55:38,142 [ERROR] ConditionMgr:805 - Attr not supported : Dmpu
2024-11-17 12:55:38,142 [ERROR] ConditionMgr:805 - Attr not supported : Dmpu
2024-11-17 12:55:38,142 [ERROR] ConditionMgr:805 - Attr not supported : Dmpu
2024-11-17 12:55:38,142 [ERROR] ConditionMgr:805 - Attr not supported : Dmpu
2024-11-17 12:55:38,142 [ERROR] ConditionMgr:805 - Attr not supported : Dmpu
2024-11-17 12:55:38,142 [ERROR] ConditionMgr:805 - Attr not supported : Dmpu
2024-11-17 12:55:38,142 [ERROR] ConditionMgr:805 - Attr not supported : Dmpu
2024-11-17 12:55:38,142 [ERROR] ConditionMgr:805 - Attr not supported : Dmpu
2024-11-17 12:55:38,142 [ERROR] ConditionMgr:805 - Attr not supported : Dmpu
2024-11-17 12:55:38,159 [WARN] PackLoader:240 - Cannot read IP mode file for RealThread.X-CUBE-RT-Thread_Nano.4.1.1
2024-11-17 12:55:38,173 [WARN] PackLoader:240 - Cannot read IP mode file for wolfSSL.I-CUBE-wolfSSL.5.7.0
2024-11-17 12:55:38,188 [WARN] PackLoader:240 - Cannot read IP mode file for STMicroelectronics.FP-ATR-SIGFOX1.3.2.0
2024-11-17 12:55:38,206 [WARN] ConditionMgr:438 - getConditionDescription Invalid condition id : Cortex-A Device cause : null
2024-11-17 12:55:38,230 [WARN] ConditionMgr:1039 - genDependencies : Invalid condition id : Cortex-A Device cause : null
2024-11-17 12:55:38,230 [WARN] ConditionMgr:1039 - genDependencies : Invalid condition id : Cortex-A Device cause : null
2024-11-17 12:55:38,230 [WARN] ConditionMgr:1039 - genDependencies : Invalid condition id : Cortex-A Device cause : null
2024-11-17 12:55:38,244 [WARN] PackLoader:240 - Cannot read IP mode file for STMicroelectronics.X-CUBE-EEPRMA1.5.1.0
2024-11-17 12:55:38,265 [WARN] PackLoader:240 - Cannot read IP mode file for ITTIA_DB.I-CUBE-ITTIADB.8.9.0
2024-11-17 12:55:38,310 [WARN] PackLoader:240 - Cannot read IP mode file for SEGGER.I-CUBE-embOS.1.3.1
2024-11-17 12:55:38,358 [WARN] PackLoader:240 - Cannot read IP mode file for STMicroelectronics.X-CUBE-ALGOBUILD.1.4.0
2024-11-17 12:55:38,374 [WARN] PackLoader:240 - Cannot read IP mode file for STMicroelectronics.X-CUBE-AI.9.1.0
2024-11-17 12:55:38,391 [WARN] PackLoader:240 - Cannot read IP mode file for STMicroelectronics.X-CUBE-GNSS1.6.0.0
2024-11-17 12:55:38,425 [WARN] PackLoader:240 - Cannot read IP mode file for STMicroelectronics.X-CUBE-AZRTOS-F4.1.1.0
2024-11-17 12:55:38,447 [WARN] PackLoader:240 - Cannot read IP mode file for STMicroelectronics.X-CUBE-ISPU.2.1.0
2024-11-17 12:55:38,460 [WARN] PackLoader:240 - Cannot read IP mode file for STMicroelectronics.X-CUBE-FREERTOS.1.2.0
2024-11-17 12:55:38,497 [WARN] PackLoader:240 - Cannot read IP mode file for STMicroelectronics.X-CUBE-AZRTOS-L5.2.0.0
2024-11-17 12:55:38,523 [WARN] PackLoader:240 - Cannot read IP mode file for STMicroelectronics.X-CUBE-NFC6.3.1.0
2024-11-17 12:55:38,540 [WARN] PackLoader:240 - Cannot read IP mode file for STMicroelectronics.X-CUBE-DPower.1.2.0
2024-11-17 12:55:38,556 [WARN] PackLoader:240 - Cannot read IP mode file for STMicroelectronics.X-CUBE-AI.9.0.0
2024-11-17 12:55:38,571 [WARN] PackLoader:240 - Cannot read IP mode file for STMicroelectronics.X-CUBE-NFC7.1.0.1
2024-11-17 12:55:38,602 [WARN] PackLoader:240 - Cannot read IP mode file for wolfSSL.I-CUBE-wolfTPM.3.2.0
2024-11-17 12:55:38,637 [WARN] ConditionMgr:438 - getConditionDescription Invalid condition id : LAN8742 Phy interface Condition cause : null
2024-11-17 12:55:38,638 [WARN] PackLoader:240 - Cannot read IP mode file for STMicroelectronics.X-CUBE-AZRTOS-L4.2.0.0
2024-11-17 12:55:38,639 [WARN] ConditionMgr:1039 - genDependencies : Invalid condition id : LAN8742 Phy interface Condition cause : null
2024-11-17 12:55:38,640 [WARN] ConditionMgr:1039 - genDependencies : Invalid condition id : LAN8742 Phy interface Condition cause : null
2024-11-17 12:55:38,640 [WARN] ConditionMgr:1039 - genDependencies : Invalid condition id : LAN8742 Phy interface Condition cause : null
2024-11-17 12:55:38,661 [WARN] PackLoader:240 - Cannot read IP mode file for STMicroelectronics.X-CUBE-SFXS2LP1.4.0.0
2024-11-17 12:55:38,701 [WARN] PackLoader:240 - Cannot read IP mode file for STMicroelectronics.X-CUBE-AZRTOS-H7.3.3.0
2024-11-17 12:55:38,731 [WARN] PackLoader:240 - Cannot read IP mode file for STMicroelectronics.X-CUBE-IPS.3.0.0
2024-11-17 12:55:38,763 [WARN] ConditionMgr:438 - getConditionDescription Invalid condition id : UX DEVICE CLASS RTOS Condition cause : null
2024-11-17 12:55:38,764 [WARN] ConditionMgr:438 - getConditionDescription Invalid condition id : UX DEVICE CLASS RTOS Condition cause : null
2024-11-17 12:55:38,766 [WARN] PackLoader:240 - Cannot read IP mode file for STMicroelectronics.X-CUBE-AZRTOS-WB.2.0.0
2024-11-17 12:55:38,766 [WARN] ConditionMgr:1039 - genDependencies : Invalid condition id : UX DEVICE CLASS RTOS Condition cause : null
2024-11-17 12:55:38,766 [WARN] ConditionMgr:1039 - genDependencies : Invalid condition id : UX DEVICE CLASS RTOS Condition cause : null
2024-11-17 12:55:38,767 [WARN] ConditionMgr:1039 - genDependencies : Invalid condition id : UX DEVICE CLASS RTOS Condition cause : null
2024-11-17 12:55:38,767 [WARN] ConditionMgr:1039 - genDependencies : Invalid condition id : UX DEVICE CLASS RTOS Condition cause : null
2024-11-17 12:55:38,767 [WARN] ConditionMgr:1039 - genDependencies : Invalid condition id : UX DEVICE CLASS RTOS Condition cause : null
2024-11-17 12:55:38,788 [WARN] PackLoader:240 - Cannot read IP mode file for STMicroelectronics.X-CUBE-GNSS1.7.0.0
2024-11-17 12:55:38,805 [WARN] PackLoader:240 - Cannot read IP mode file for STMicroelectronics.FP-SNS-STBOX1.2.0.0
2024-11-17 12:55:38,828 [WARN] PackLoader:240 - Cannot read IP mode file for STMicroelectronics.X-CUBE-SUBG2.5.0.0
2024-11-17 12:55:38,859 [WARN] PackLoader:240 - Cannot read IP mode file for STMicroelectronics.X-CUBE-AZRTOS-G4.2.0.0
2024-11-17 12:55:38,876 [WARN] PackLoader:240 - Cannot read IP mode file for STMicroelectronics.X-CUBE-ISPU.2.0.0
2024-11-17 12:55:38,891 [WARN] PackLoader:240 - Cannot read IP mode file for STMicroelectronics.X-CUBE-ALS.1.0.2
2024-11-17 12:55:38,952 [WARN] PackLoader:240 - Cannot read IP mode file for STMicroelectronics.X-CUBE-MEMS1.10.0.0
2024-11-17 12:55:39,064 [WARN] PackLoader:240 - Cannot read IP mode file for STMicroelectronics.X-CUBE-TOUCHGFX.4.24.0
2024-11-17 12:55:39,078 [WARN] PackLoader:240 - Cannot read IP mode file for STMicroelectronics.X-CUBE-TOUCHGFX.4.24.1
2024-11-17 12:55:39,096 [WARN] PackLoader:240 - Cannot read IP mode file for portGmbH.I-Cube-SoM-uGOAL.1.1.0
2024-11-17 12:55:39,110 [WARN] PackLoader:240 - Cannot read IP mode file for STMicroelectronics.X-CUBE-ALS.1.0.1
2024-11-17 12:55:39,143 [WARN] PackLoader:240 - Cannot read IP mode file for STMicroelectronics.X-CUBE-AZRTOS-H7RS.1.0.0
2024-11-17 12:55:39,158 [WARN] PackLoader:240 - Cannot read IP mode file for STMicroelectronics.FP-ATR-ASTRA1.2.0.0
2024-11-17 12:55:39,177 [WARN] PackLoader:240 - Cannot read IP mode file for STMicroelectronics.X-CUBE-TOF1.3.4.2
2024-11-17 12:55:39,206 [WARN] PackLoader:240 - Cannot read IP mode file for STMicroelectronics.X-CUBE-TOF1.3.4.1
2024-11-17 12:55:39,251 [WARN] PackLoader:240 - Cannot read IP mode file for STMicroelectronics.X-CUBE-AZRTOS-H7.3.2.0
2024-11-17 12:55:39,289 [WARN] PackLoader:240 - Cannot read IP mode file for Infineon.AIROC-Wi-Fi-Bluetooth-STM32.1.6.0
2024-11-17 12:55:39,303 [WARN] PackLoader:240 - Cannot read IP mode file for wolfSSL.I-CUBE-wolfSSH.1.4.17
2024-11-17 12:55:39,304 [INFO] ThirdParty:978 - Integrity check success = true
2024-11-17 12:55:39,304 [INFO] IntegrityCheckThread:100 - exiting critical section [integrity check]
2024-11-17 12:55:39,304 [INFO] IntegrityCheckThread:103 - End integrity checks thread
2024-11-17 12:55:44,625 [INFO] WebApp:167 - Instantiating new browser for Auth
2024-11-17 12:55:45,589 [INFO] WebApp:448 - Apply proxy settings
2024-11-17 12:55:45,589 [INFO] WebApp:533 - Chromium requires no authentication
2024-11-17 12:55:45,614 [INFO] WebApp:476 - Direct internet connection detected
2024-11-17 12:55:45,661 [INFO] WebApp:869 - Register for checkConnection events
2024-11-17 12:55:45,662 [INFO] WebApp:448 - Apply proxy settings
2024-11-17 12:55:45,662 [INFO] WebApp:533 - Chromium requires no authentication
2024-11-17 12:55:45,663 [INFO] WebApp:476 - Direct internet connection detected
2024-11-17 12:55:45,910 [INFO] WebApp:186 - Connection restablished
2024-11-17 12:55:45,966 [INFO] WebApp:220 - Starting web application
2024-11-17 12:55:45,966 [INFO] WebApp:578 - Web application path used C:\ST\STM32CubeIDE_1.16.1\STM32CubeIDE\plugins\com.st.stm32cube.common.mx_6.12.1.202409122256\db\plugins\mcufinder\reactClient1\index.html
2024-11-17 14:30:37,082 [INFO] WebApp:189 - Connection lost
2024-11-17 14:30:44,702 [INFO] WebApp:186 - Connection restablished
2024-11-17 17:07:34,362 [ERROR] LogOutputStream:75 - [STDERR_REDIRECT] 
2024-11-17 21:44:10,245 [INFO] Activator:176 - 


2024-11-17 21:44:10,248 [INFO] Activator:177 - !SESSION log4j initialized
2024-11-17 21:44:15,378 [INFO] LogOutputStream:77 - [STDOUT_REDIRECT] 
2024-11-17 21:44:18,108 [INFO] ApplicationProperties:184 - Using Application install path: C:\ST\STM32CubeIDE_1.16.1\STM32CubeIDE\plugins\com.st.stm32cube.common.mx_6.12.1.202409122256
2024-11-17 21:44:18,144 [INFO] DbMcusXml:78 - Set database path to: C:\ST\STM32CubeIDE_1.16.1\STM32CubeIDE\plugins\com.st.stm32cube.common.mx_6.12.1.202409122256\\db\/mcu/
2024-11-17 21:44:18,145 [INFO] ApiDb:274 - Set plugin database path to: C:\ST\STM32CubeIDE_1.16.1\STM32CubeIDE\plugins\com.st.stm32cube.common.mx_6.12.1.202409122256\\db\/plugins/boardmanager/
2024-11-17 21:44:18,145 [WARN] ApiDb:259 - Overriding images path with different value:  => C:\ST\STM32CubeIDE_1.16.1\STM32CubeIDE\plugins\com.st.stm32cube.common.mx_6.12.1.202409122256\\db\/plugins/mcufinder/images/
2024-11-17 21:44:18,161 [INFO] ApiDb:250 - Set database path to: C:\Users\dudah\.stmcufinder\plugins\mcufinder//mcu/
2024-11-17 21:44:18,162 [INFO] DbMcusAds:125 - Set database path to: C:\Users\dudah\.stmcufinder\plugins\mcufinder//mcu/
2024-11-17 21:44:18,167 [INFO] CrossReferenceDbSqlite:203 - Set database path to: C:\Users\dudah\.stmcufinder\plugins\mcufinder//mcu/cs/
2024-11-17 21:44:18,306 [INFO] RulesReader:64 - Compatibility file has been processed (297 Rules)
2024-11-17 21:44:18,467 [INFO] DbMcusXml:78 - Set database path to: C:\ST\STM32CubeIDE_1.16.1\STM32CubeIDE\plugins\com.st.stm32cube.common.mx_6.12.1.202409122256\\db\/mcu/
2024-11-17 21:44:18,467 [INFO] ApiDb:274 - Set plugin database path to: C:\ST\STM32CubeIDE_1.16.1\STM32CubeIDE\plugins\com.st.stm32cube.common.mx_6.12.1.202409122256\\db\/plugins/boardmanager/
2024-11-17 21:44:18,467 [INFO] ApiDb:261 - Set plugin images path to: C:\ST\STM32CubeIDE_1.16.1\STM32CubeIDE\plugins\com.st.stm32cube.common.mx_6.12.1.202409122256\\db\/plugins/mcufinder/images/
2024-11-17 21:44:18,467 [WARN] DbFile:41 - Overriding database path with different value: C:\Users\dudah\.stmcufinder\plugins\mcufinder/ => C:\Users\dudah\.stmcufinder\plugins\mcufinder
2024-11-17 21:44:18,467 [INFO] ApiDb:250 - Set database path to: C:\Users\dudah\.stmcufinder\plugins\mcufinder//mcu/
2024-11-17 21:44:18,467 [WARN] DbFile:41 - Overriding database path with different value: C:\Users\dudah\.stmcufinder\plugins\mcufinder/ => C:\Users\dudah\.stmcufinder\plugins\mcufinder
2024-11-17 21:44:18,467 [INFO] DbMcusAds:125 - Set database path to: C:\Users\dudah\.stmcufinder\plugins\mcufinder//mcu/
2024-11-17 21:44:18,468 [WARN] DbFile:41 - Overriding database path with different value: C:\Users\dudah\.stmcufinder\plugins\mcufinder/ => C:\Users\dudah\.stmcufinder\plugins\mcufinder
2024-11-17 21:44:18,468 [WARN] DbFile:41 - Overriding database path with different value: C:\Users\dudah\.stmcufinder\plugins\mcufinder/ => C:\Users\dudah\.stmcufinder\plugins\mcufinder
2024-11-17 21:44:18,468 [INFO] CrossReferenceDbSqlite:203 - Set database path to: C:\Users\dudah\.stmcufinder\plugins\mcufinder//mcu/cs/
2024-11-17 21:44:18,652 [INFO] MainPanel:268 - HeapMemory: 268435456
2024-11-17 21:44:18,802 [INFO] DbMcusXml:78 - Set database path to: C:\ST\STM32CubeIDE_1.16.1\STM32CubeIDE\plugins\com.st.stm32cube.common.mx_6.12.1.202409122256\\db\/mcu/
2024-11-17 21:44:18,802 [INFO] ApiDb:274 - Set plugin database path to: C:\ST\STM32CubeIDE_1.16.1\STM32CubeIDE\plugins\com.st.stm32cube.common.mx_6.12.1.202409122256\\db\/plugins/boardmanager/
2024-11-17 21:44:18,802 [INFO] ApiDb:261 - Set plugin images path to: C:\ST\STM32CubeIDE_1.16.1\STM32CubeIDE\plugins\com.st.stm32cube.common.mx_6.12.1.202409122256\\db\/plugins/mcufinder/images/
2024-11-17 21:44:18,803 [WARN] DbFile:41 - Overriding database path with different value: C:\Users\dudah\.stmcufinder\plugins\mcufinder/ => C:\Users\dudah\.stmcufinder\plugins\mcufinder
2024-11-17 21:44:18,803 [INFO] ApiDb:250 - Set database path to: C:\Users\dudah\.stmcufinder\plugins\mcufinder//mcu/
2024-11-17 21:44:18,803 [WARN] DbFile:41 - Overriding database path with different value: C:\Users\dudah\.stmcufinder\plugins\mcufinder/ => C:\Users\dudah\.stmcufinder\plugins\mcufinder
2024-11-17 21:44:18,803 [INFO] DbMcusAds:125 - Set database path to: C:\Users\dudah\.stmcufinder\plugins\mcufinder//mcu/
2024-11-17 21:44:18,803 [WARN] DbFile:41 - Overriding database path with different value: C:\Users\dudah\.stmcufinder\plugins\mcufinder/ => C:\Users\dudah\.stmcufinder\plugins\mcufinder
2024-11-17 21:44:18,803 [WARN] DbFile:41 - Overriding database path with different value: C:\Users\dudah\.stmcufinder\plugins\mcufinder/ => C:\Users\dudah\.stmcufinder\plugins\mcufinder
2024-11-17 21:44:18,803 [INFO] CrossReferenceDbSqlite:203 - Set database path to: C:\Users\dudah\.stmcufinder\plugins\mcufinder//mcu/cs/
2024-11-17 21:44:18,827 [INFO] ApplicationProperties:184 - Using Application install path: C:\ST\STM32CubeIDE_1.16.1\STM32CubeIDE\plugins\com.st.stm32cube.common.mx_6.12.1.202409122256
2024-11-17 21:44:18,829 [INFO] PluginManage:196 - Search for loadable plugins [exclusion list=, ]
2024-11-17 21:44:18,832 [INFO] PluginManage:310 - Check plugin analytics
2024-11-17 21:44:19,004 [INFO] AnalyticsPlugin:253 - Accepted Software Licenses: 
2024-11-17 21:44:19,004 [INFO] AnalyticsPlugin:255 - Accepted CMSIS Pack Licenses: 
2024-11-17 21:44:19,005 [INFO] AnalyticsPlugin:257 - Accepted Firmware Licenses: FW.F4.1.28.0
2024-11-17 21:44:19,007 [INFO] PluginManage:359 - Loaded plugin analytics (category:tool,tabindex:-1)
2024-11-17 21:44:19,008 [INFO] PluginManage:310 - Check plugin cadmodel
2024-11-17 21:44:19,014 [INFO] CADModel:105 - Init CAD model plugin
2024-11-17 21:44:19,014 [INFO] PluginManage:359 - Loaded plugin cadmodel (category:power,tabindex:5)
2024-11-17 21:44:19,014 [INFO] PluginManage:310 - Check plugin clock
2024-11-17 21:44:19,022 [INFO] PluginManage:359 - Loaded plugin clock (category:base,tabindex:2)
2024-11-17 21:44:19,023 [INFO] PluginManage:310 - Check plugin ddr
2024-11-17 21:44:19,026 [INFO] PluginManage:359 - Loaded plugin ddr (category:tool,tabindex:6)
2024-11-17 21:44:19,026 [INFO] PluginManage:310 - Check plugin filemanager
2024-11-17 21:44:19,256 [INFO] PluginManage:359 - Loaded plugin filemanager (category:base,tabindex:10)
2024-11-17 21:44:19,256 [INFO] PluginManage:310 - Check plugin ipmanager
2024-11-17 21:44:19,265 [INFO] PluginManage:359 - Loaded plugin ipmanager (category:base,tabindex:5)
2024-11-17 21:44:19,265 [INFO] PluginManage:310 - Check plugin lpbam
2024-11-17 21:44:19,275 [INFO] PluginManage:359 - Loaded plugin lpbam (category:base,tabindex:0)
2024-11-17 21:44:19,275 [INFO] PluginManage:310 - Check plugin memorymap
2024-11-17 21:44:19,308 [INFO] PluginManage:359 - Loaded plugin memorymap (category:base,tabindex:4)
2024-11-17 21:44:19,308 [INFO] PluginManage:310 - Check plugin pinoutandconfiguration
2024-11-17 21:44:19,315 [INFO] PluginManage:359 - Loaded plugin pinoutandconfiguration (category:base,tabindex:1)
2024-11-17 21:44:19,316 [INFO] PluginManage:310 - Check plugin pinoutconfig
2024-11-17 21:44:19,422 [WARN] SupportedApi:132 - Cannot load RTOS API schema: s4s-elt-must-match.1: The content of 'definitions' must match (annotation?, (simpleType | complexType)?, (unique | key | keyref)*)). A problem was found starting at: attribute.
2024-11-17 21:44:19,573 [INFO] PluginManage:359 - Loaded plugin pinoutconfig (category:base,tabindex:0)
2024-11-17 21:44:19,573 [INFO] PluginManage:310 - Check plugin power
2024-11-17 21:44:19,584 [INFO] PluginManage:359 - Loaded plugin power (category:power,tabindex:4)
2024-11-17 21:44:19,584 [INFO] PluginManage:310 - Check plugin projectmanager
2024-11-17 21:44:19,601 [INFO] PluginManage:359 - Loaded plugin projectmanager (category:projectmanager,tabindex:4)
2024-11-17 21:44:19,601 [INFO] PluginManage:310 - Check plugin rif
2024-11-17 21:44:19,618 [INFO] PluginManage:359 - Loaded plugin rif (category:base,tabindex:3)
2024-11-17 21:44:19,619 [INFO] PluginManage:310 - Check plugin thirdparty
2024-11-17 21:44:19,888 [INFO] PluginManage:359 - Loaded plugin thirdparty (category:base,tabindex:-1)
2024-11-17 21:44:19,888 [WARN] IntegrityCheckThread:84 - waiting for thirdparty lock release [integrity check]
2024-11-17 21:44:19,888 [INFO] PluginManage:310 - Check plugin tools
2024-11-17 21:44:19,888 [INFO] IntegrityCheckThread:86 - entering critical section [integrity check]
2024-11-17 21:44:19,888 [INFO] ThirdPartyUpdaterWithRetryManager:70 - Updater plugin not ready yet. [1/15]
2024-11-17 21:44:19,890 [INFO] PluginManage:359 - Loaded plugin tools (category:base,tabindex:7)
2024-11-17 21:44:19,890 [INFO] PluginManage:310 - Check plugin tutovideos
2024-11-17 21:44:20,104 [INFO] PluginManage:359 - Loaded plugin tutovideos (category:base,tabindex:-1)
2024-11-17 21:44:20,104 [INFO] PluginManage:310 - Check plugin updater
2024-11-17 21:44:20,122 [INFO] PluginManage:359 - Loaded plugin updater (category:base,tabindex:12)
2024-11-17 21:44:20,123 [INFO] PluginManage:310 - Check plugin userauth
2024-11-17 21:44:20,129 [INFO] UserAuth:113 - Init User Auth plugin
2024-11-17 21:44:20,129 [INFO] PluginManage:359 - Loaded plugin userauth (category:base,tabindex:14)
2024-11-17 21:44:20,129 [INFO] PluginManage:283 - PluginManage : Loaded plugins [18]
2024-11-17 21:44:20,344 [INFO] PinOutPanel:1561 - setPackage(No Configuration,No Configuration)
2024-11-17 21:44:20,427 [INFO] CADModel:165 - CPN selected for project level
2024-11-17 21:44:20,427 [INFO] CADModel:114 - Register for checkConnection events
2024-11-17 21:44:20,446 [INFO] IPUIPlugin:80 - create IPUIPlugin
2024-11-17 21:44:20,446 [INFO] PluginManager:220 - loadIPPluginJar : add adc
2024-11-17 21:44:20,448 [INFO] IPUIPlugin:80 - create IPUIPlugin
2024-11-17 21:44:20,449 [INFO] PluginManager:220 - loadIPPluginJar : add aes
2024-11-17 21:44:20,451 [INFO] IPUIPlugin:80 - create IPUIPlugin
2024-11-17 21:44:20,451 [INFO] PluginManager:220 - loadIPPluginJar : add can
2024-11-17 21:44:20,452 [INFO] IPUIPlugin:80 - create IPUIPlugin
2024-11-17 21:44:20,452 [INFO] PluginManager:220 - loadIPPluginJar : add comp
2024-11-17 21:44:20,454 [INFO] IPUIPlugin:80 - create IPUIPlugin
2024-11-17 21:44:20,454 [INFO] PluginManager:220 - loadIPPluginJar : add cryp
2024-11-17 21:44:20,470 [INFO] IPUIPlugin:80 - create IPUIPlugin
2024-11-17 21:44:20,470 [INFO] PluginManager:220 - loadIPPluginJar : add ddr_ctrl_phy
2024-11-17 21:44:20,472 [INFO] IPUIPlugin:80 - create IPUIPlugin
2024-11-17 21:44:20,473 [INFO] PluginManager:220 - loadIPPluginJar : add dfsdm
2024-11-17 21:44:20,477 [INFO] IPUIPlugin:80 - create IPUIPlugin
2024-11-17 21:44:20,478 [INFO] PluginManager:220 - loadIPPluginJar : add dma
2024-11-17 21:44:20,480 [INFO] IPUIPlugin:80 - create IPUIPlugin
2024-11-17 21:44:20,480 [INFO] PluginManager:220 - loadIPPluginJar : add dma3
2024-11-17 21:44:20,482 [INFO] IPUIPlugin:80 - create IPUIPlugin
2024-11-17 21:44:20,482 [INFO] PluginManager:220 - loadIPPluginJar : add extmemmanager
2024-11-17 21:44:20,483 [INFO] IPUIPlugin:80 - create IPUIPlugin
2024-11-17 21:44:20,483 [INFO] PluginManager:220 - loadIPPluginJar : add fatfs
2024-11-17 21:44:20,486 [INFO] IPUIPlugin:80 - create IPUIPlugin
2024-11-17 21:44:20,486 [INFO] PluginManager:220 - loadIPPluginJar : add fmc
2024-11-17 21:44:20,490 [INFO] IPUIPlugin:80 - create IPUIPlugin
2024-11-17 21:44:20,491 [INFO] PluginManager:220 - loadIPPluginJar : add freertos
2024-11-17 21:44:20,492 [INFO] IPUIPlugin:80 - create IPUIPlugin
2024-11-17 21:44:20,492 [INFO] PluginManager:220 - loadIPPluginJar : add genericplugin
2024-11-17 21:44:20,493 [INFO] IPUIPlugin:80 - create IPUIPlugin
2024-11-17 21:44:20,494 [INFO] PluginManager:220 - loadIPPluginJar : add gfxmmu
2024-11-17 21:44:20,497 [INFO] IPUIPlugin:80 - create IPUIPlugin
2024-11-17 21:44:20,497 [INFO] PluginManager:220 - loadIPPluginJar : add gic
2024-11-17 21:44:20,500 [INFO] IPUIPlugin:80 - create IPUIPlugin
2024-11-17 21:44:20,501 [INFO] PluginManager:220 - loadIPPluginJar : add gpio
2024-11-17 21:44:20,503 [INFO] IPUIPlugin:80 - create IPUIPlugin
2024-11-17 21:44:20,503 [INFO] PluginManager:220 - loadIPPluginJar : add gtzc
2024-11-17 21:44:20,505 [INFO] IPUIPlugin:80 - create IPUIPlugin
2024-11-17 21:44:20,505 [INFO] PluginManager:220 - loadIPPluginJar : add hash
2024-11-17 21:44:20,507 [INFO] IPUIPlugin:80 - create IPUIPlugin
2024-11-17 21:44:20,507 [INFO] PluginManager:220 - loadIPPluginJar : add i2c
2024-11-17 21:44:20,509 [INFO] IPUIPlugin:80 - create IPUIPlugin
2024-11-17 21:44:20,509 [INFO] PluginManager:220 - loadIPPluginJar : add i2s
2024-11-17 21:44:20,512 [INFO] IPUIPlugin:80 - create IPUIPlugin
2024-11-17 21:44:20,512 [INFO] PluginManager:220 - loadIPPluginJar : add i3c
2024-11-17 21:44:20,607 [INFO] IPUIPlugin:80 - create IPUIPlugin
2024-11-17 21:44:20,607 [INFO] PluginManager:220 - loadIPPluginJar : add ipddr
2024-11-17 21:44:20,618 [INFO] IPUIPlugin:80 - create IPUIPlugin
2024-11-17 21:44:20,618 [INFO] PluginManager:220 - loadIPPluginJar : add linkedlist
2024-11-17 21:44:20,621 [INFO] IPUIPlugin:80 - create IPUIPlugin
2024-11-17 21:44:20,621 [INFO] PluginManager:220 - loadIPPluginJar : add lorawan
2024-11-17 21:44:20,623 [INFO] IPUIPlugin:80 - create IPUIPlugin
2024-11-17 21:44:20,623 [INFO] PluginManager:220 - loadIPPluginJar : add ltdc
2024-11-17 21:44:20,628 [INFO] IPUIPlugin:80 - create IPUIPlugin
2024-11-17 21:44:20,628 [INFO] PluginManager:220 - loadIPPluginJar : add mdma
2024-11-17 21:44:20,630 [INFO] IPUIPlugin:80 - create IPUIPlugin
2024-11-17 21:44:20,630 [INFO] PluginManager:220 - loadIPPluginJar : add nvic
2024-11-17 21:44:20,633 [INFO] IPUIPlugin:80 - create IPUIPlugin
2024-11-17 21:44:20,633 [INFO] PluginManager:220 - loadIPPluginJar : add opamp
2024-11-17 21:44:20,635 [INFO] IPUIPlugin:80 - create IPUIPlugin
2024-11-17 21:44:20,635 [INFO] PluginManager:220 - loadIPPluginJar : add openamp
2024-11-17 21:44:20,639 [INFO] IPUIPlugin:80 - create IPUIPlugin
2024-11-17 21:44:20,639 [INFO] PluginManager:220 - loadIPPluginJar : add pdm2pcm
2024-11-17 21:44:20,644 [INFO] IPUIPlugin:80 - create IPUIPlugin
2024-11-17 21:44:20,646 [INFO] PluginManager:220 - loadIPPluginJar : add plateformsettings
2024-11-17 21:44:20,648 [INFO] IPUIPlugin:80 - create IPUIPlugin
2024-11-17 21:44:20,648 [INFO] PluginManager:220 - loadIPPluginJar : add quadspi
2024-11-17 21:44:20,649 [INFO] IPUIPlugin:80 - create IPUIPlugin
2024-11-17 21:44:20,650 [INFO] PluginManager:220 - loadIPPluginJar : add radio
2024-11-17 21:44:20,652 [INFO] IPUIPlugin:80 - create IPUIPlugin
2024-11-17 21:44:20,652 [INFO] PluginManager:220 - loadIPPluginJar : add resmgrutility
2024-11-17 21:44:20,655 [INFO] IPUIPlugin:80 - create IPUIPlugin
2024-11-17 21:44:20,655 [INFO] PluginManager:220 - loadIPPluginJar : add sai
2024-11-17 21:44:20,657 [INFO] IPUIPlugin:80 - create IPUIPlugin
2024-11-17 21:44:20,657 [INFO] PluginManager:220 - loadIPPluginJar : add spi
2024-11-17 21:44:20,661 [INFO] IPUIPlugin:80 - create IPUIPlugin
2024-11-17 21:44:20,661 [INFO] PluginManager:220 - loadIPPluginJar : add stm32_wpan
2024-11-17 21:44:20,663 [INFO] IPUIPlugin:80 - create IPUIPlugin
2024-11-17 21:44:20,663 [INFO] PluginManager:220 - loadIPPluginJar : add tim
2024-11-17 21:44:20,665 [INFO] IPUIPlugin:80 - create IPUIPlugin
2024-11-17 21:44:20,666 [INFO] PluginManager:220 - loadIPPluginJar : add touchsensing
2024-11-17 21:44:20,668 [INFO] IPUIPlugin:80 - create IPUIPlugin
2024-11-17 21:44:20,668 [INFO] PluginManager:220 - loadIPPluginJar : add tracer_emb
2024-11-17 21:44:20,669 [INFO] IPUIPlugin:80 - create IPUIPlugin
2024-11-17 21:44:20,670 [INFO] PluginManager:220 - loadIPPluginJar : add ts
2024-11-17 21:44:20,671 [INFO] IPUIPlugin:80 - create IPUIPlugin
2024-11-17 21:44:20,671 [INFO] PluginManager:220 - loadIPPluginJar : add tsc
2024-11-17 21:44:20,673 [INFO] IPUIPlugin:80 - create IPUIPlugin
2024-11-17 21:44:20,673 [INFO] PluginManager:220 - loadIPPluginJar : add ucpd
2024-11-17 21:44:20,681 [INFO] IPUIPlugin:80 - create IPUIPlugin
2024-11-17 21:44:20,682 [INFO] PluginManager:220 - loadIPPluginJar : add usart
2024-11-17 21:44:20,685 [INFO] IPUIPlugin:80 - create IPUIPlugin
2024-11-17 21:44:20,685 [INFO] PluginManager:220 - loadIPPluginJar : add usbx
2024-11-17 21:44:20,812 [INFO] CADModel:165 - CPN selected for project level
2024-11-17 21:44:20,812 [INFO] CADModel:114 - Register for checkConnection events
2024-11-17 21:44:20,812 [FATAL] Updater:334 - Updater called before beeing initialized
2024-11-17 21:44:20,812 [ERROR] CADModel:125 - Updater not yet initialized, retry later 
2024-11-17 21:44:20,949 [INFO] CADModel:165 - CPN selected for project level
2024-11-17 21:44:20,949 [INFO] CADModel:114 - Register for checkConnection events
2024-11-17 21:44:20,949 [FATAL] Updater:334 - Updater called before beeing initialized
2024-11-17 21:44:20,949 [ERROR] CADModel:125 - Updater not yet initialized, retry later 
2024-11-17 21:44:20,952 [FATAL] Updater:334 - Updater called before beeing initialized
2024-11-17 21:44:21,049 [FATAL] Updater:334 - Updater called before beeing initialized
2024-11-17 21:44:21,061 [INFO] DbMcusAds:53 - JSON generation date=Fri Sep 20 22:04:38 KST 2024 (1726837478367)
2024-11-17 21:44:21,061 [FATAL] Updater:334 - Updater called before beeing initialized
2024-11-17 21:44:21,096 [WARN] DetailPanel:346 - Failed to get advertising image, set to default
2024-11-17 21:44:21,179 [FATAL] Updater:334 - Updater called before beeing initialized
2024-11-17 21:44:21,181 [FATAL] Updater:334 - Updater called before beeing initialized
2024-11-17 21:44:21,181 [FATAL] Updater:334 - Updater called before beeing initialized
2024-11-17 21:44:21,181 [WARN] DetailPanel:346 - Failed to get advertising image, set to default
2024-11-17 21:44:21,182 [FATAL] Updater:334 - Updater called before beeing initialized
2024-11-17 21:44:21,234 [ERROR] Updater:1164 - MainUpdater not yet initialized. External WinMGr cannot be set.
2024-11-17 21:44:21,248 [INFO] Updater:1100 - Updater Version found : 6.12.1
2024-11-17 21:44:21,271 [INFO] ApplicationProperties:184 - Using Application install path: C:\ST\STM32CubeIDE_1.16.1\STM32CubeIDE\plugins\com.st.stm32cube.common.mx_6.12.1.202409122256
2024-11-17 21:44:22,847 [ERROR] LogOutputStream:75 - [STDERR_REDIRECT] Nov 17, 2024 9:44:22 PM java.util.prefs.WindowsPreferences <init>
2024-11-17 21:44:22,848 [ERROR] LogOutputStream:75 - [STDERR_REDIRECT] WARNING: Could not open/create prefs root node Software\JavaSoft\Prefs at root 0xffffffff80000002. Windows RegCreateKeyEx(...) returned error code 5.
2024-11-17 21:44:22,848 [ERROR] LogOutputStream:75 - [STDERR_REDIRECT] 
2024-11-17 21:44:22,890 [INFO] ThirdPartyUpdaterWithRetryManager:70 - Updater plugin not ready yet. [2/15]
2024-11-17 21:44:24,555 [INFO] MainUpdater:2873 - connection check result : 10
2024-11-17 21:44:24,556 [INFO] MainUpdater:290 - Updater Check For Update Now.
2024-11-17 21:44:24,556 [INFO] MicroXplorer:498 - Change Database Version : DB.6.0.121
2024-11-17 21:44:24,575 [INFO] McuFinderGlobals:63 - Set McuFinder mode to 2 (CubeIDE integrated)
2024-11-17 21:44:24,577 [INFO] UserAuth:179 - activating auth plugin
2024-11-17 21:44:24,580 [INFO] UserAuth:417 - Internet connection configuration mode: 1
2024-11-17 21:44:24,638 [INFO] JxBrowserEngine:152 - Initiate JxBrowser Engine with user profile folder
2024-11-17 21:44:24,808 [INFO] CheckServerUpdateThread:120 - End of CheckServer Thread
2024-11-17 21:44:26,142 [WARN] PackLoader:240 - Cannot read IP mode file for STMicroelectronics.FP-SNS-MOTENVWB1.1.4.0
2024-11-17 21:44:26,158 [WARN] PackLoader:240 - Cannot read IP mode file for STMicroelectronics.FP-ATR-ASTRA1.2.0.1
2024-11-17 21:44:26,172 [WARN] PackLoader:240 - Cannot read IP mode file for STMicroelectronics.X-CUBE-SMBUS.2.1.0
2024-11-17 21:44:26,187 [WARN] PackLoader:240 - Cannot read IP mode file for STMicroelectronics.X-CUBE-WB05N.1.1.0
2024-11-17 21:44:26,203 [WARN] PackLoader:240 - Cannot read IP mode file for STMicroelectronics.X-CUBE-TOUCHGFX.4.23.2
2024-11-17 21:44:26,242 [WARN] PackLoader:240 - Cannot read IP mode file for STMicroelectronics.X-CUBE-AZRTOS-F7.1.1.0
2024-11-17 21:44:26,314 [WARN] PackLoader:240 - Cannot read IP mode file for STMicroelectronics.X-CUBE-MEMS1.11.0.0
2024-11-17 21:44:26,483 [WARN] PackLoader:240 - Cannot read IP mode file for STMicroelectronics.FP-SNS-FLIGHT1.5.0.2
2024-11-17 21:44:26,502 [WARN] PackLoader:240 - Cannot read IP mode file for STMicroelectronics.X-CUBE-DISPLAY.3.0.0
2024-11-17 21:44:26,520 [WARN] PackLoader:240 - Cannot read IP mode file for STMicroelectronics.X-CUBE-BLE1.7.0.0
2024-11-17 21:44:26,535 [WARN] PackLoader:240 - Cannot read IP mode file for STMicroelectronics.X-CUBE-NFC10.1.0.0
2024-11-17 21:44:26,552 [WARN] PackLoader:240 - Cannot read IP mode file for emotas.I-CUBE-CANOPEN.1.3.0
2024-11-17 21:44:26,572 [WARN] PackLoader:240 - Cannot read IP mode file for STMicroelectronics.X-CUBE-BLEMGR.3.1.0
2024-11-17 21:44:26,588 [WARN] PackLoader:240 - Cannot read IP mode file for STMicroelectronics.FP-SNS-SMARTAG2.1.2.0
2024-11-17 21:44:26,610 [INFO] LogOutputStream:77 - [STDOUT_REDIRECT] 1 : Invalid condition id : UX_CORESTACK_Condition cause : null
2024-11-17 21:44:26,612 [INFO] LogOutputStream:77 - [STDOUT_REDIRECT] 1 : Invalid condition id : UX_CORESTACK_Condition cause : null
2024-11-17 21:44:26,613 [INFO] LogOutputStream:77 - [STDOUT_REDIRECT] 1 : Invalid condition id : UX_CORESTACK_Condition cause : null
2024-11-17 21:44:26,614 [INFO] LogOutputStream:77 - [STDOUT_REDIRECT] 1 : Invalid condition id : UX_CORESTACK_Condition cause : null
2024-11-17 21:44:26,615 [INFO] LogOutputStream:77 - [STDOUT_REDIRECT] 1 : Invalid condition id : UX_CORESTACK_Condition cause : null
2024-11-17 21:44:26,617 [WARN] PackLoader:240 - Cannot read IP mode file for STMicroelectronics.X-CUBE-AZRTOS-WL.2.0.0
2024-11-17 21:44:26,634 [WARN] PackLoader:240 - Cannot read IP mode file for STMicroelectronics.FP-SNS-MOTENV1.5.0.0
2024-11-17 21:44:26,647 [WARN] PackLoader:240 - Cannot read IP mode file for wolfSSL.I-CUBE-wolfMQTT.1.19.0
2024-11-17 21:44:26,673 [WARN] PackLoader:240 - Cannot read IP mode file for WES.I-CUBE-Cesium.1.3.0
2024-11-17 21:44:26,688 [WARN] PackLoader:240 - Cannot read IP mode file for STMicroelectronics.X-CUBE-BLE2.3.3.0
2024-11-17 21:44:26,703 [WARN] PackLoader:240 - Cannot read IP mode file for STMicroelectronics.X-CUBE-NFC9.1.0.0
2024-11-17 21:44:26,718 [WARN] PackLoader:240 - Cannot read IP mode file for STMicroelectronics.X-CUBE-TCPP.4.1.0
2024-11-17 21:44:26,745 [WARN] PackLoader:240 - Cannot read IP mode file for STMicroelectronics.X-CUBE-AZRTOS-G0.1.1.0
2024-11-17 21:44:26,764 [WARN] PackLoader:240 - Cannot read IP mode file for STMicroelectronics.X-CUBE-SAFEA1.1.2.2
2024-11-17 21:44:26,780 [WARN] PackLoader:240 - Cannot read IP mode file for STMicroelectronics.X-CUBE-NFC4.3.0.0
2024-11-17 21:44:26,792 [WARN] PackLoader:240 - Cannot read IP mode file for wolfSSL.I-CUBE-wolfMQTT.1.18.0
2024-11-17 21:44:26,815 [WARN] PackLoader:240 - Cannot read IP mode file for EmbeddedOffice.I-CUBE-FS-RTOS.1.0.1
2024-11-17 21:44:26,816 [ERROR] ConditionMgr:805 - Attr not supported : Dmpu
2024-11-17 21:44:26,816 [ERROR] ConditionMgr:805 - Attr not supported : Dmpu
2024-11-17 21:44:26,816 [ERROR] ConditionMgr:805 - Attr not supported : Dmpu
2024-11-17 21:44:26,816 [ERROR] ConditionMgr:805 - Attr not supported : Dmpu
2024-11-17 21:44:26,816 [ERROR] ConditionMgr:805 - Attr not supported : Dmpu
2024-11-17 21:44:26,816 [ERROR] ConditionMgr:805 - Attr not supported : Dmpu
2024-11-17 21:44:26,816 [ERROR] ConditionMgr:805 - Attr not supported : Dmpu
2024-11-17 21:44:26,816 [ERROR] ConditionMgr:805 - Attr not supported : Dmpu
2024-11-17 21:44:26,816 [ERROR] ConditionMgr:805 - Attr not supported : Dmpu
2024-11-17 21:44:26,816 [ERROR] ConditionMgr:805 - Attr not supported : Dmpu
2024-11-17 21:44:26,816 [ERROR] ConditionMgr:805 - Attr not supported : Dmpu
2024-11-17 21:44:26,816 [ERROR] ConditionMgr:805 - Attr not supported : Dmpu
2024-11-17 21:44:26,816 [ERROR] ConditionMgr:805 - Attr not supported : Dmpu
2024-11-17 21:44:26,816 [ERROR] ConditionMgr:805 - Attr not supported : Dmpu
2024-11-17 21:44:26,816 [ERROR] ConditionMgr:805 - Attr not supported : Dmpu
2024-11-17 21:44:26,817 [ERROR] ConditionMgr:805 - Attr not supported : Dmpu
2024-11-17 21:44:26,817 [ERROR] ConditionMgr:805 - Attr not supported : Dmpu
2024-11-17 21:44:26,817 [ERROR] ConditionMgr:805 - Attr not supported : Dmpu
2024-11-17 21:44:26,817 [ERROR] ConditionMgr:805 - Attr not supported : Dmpu
2024-11-17 21:44:26,817 [ERROR] ConditionMgr:805 - Attr not supported : Dmpu
2024-11-17 21:44:26,817 [ERROR] ConditionMgr:805 - Attr not supported : Dmpu
2024-11-17 21:44:26,817 [ERROR] ConditionMgr:805 - Attr not supported : Dmpu
2024-11-17 21:44:26,817 [ERROR] ConditionMgr:805 - Attr not supported : Dmpu
2024-11-17 21:44:26,817 [ERROR] ConditionMgr:805 - Attr not supported : Dmpu
2024-11-17 21:44:26,817 [ERROR] ConditionMgr:805 - Attr not supported : Dmpu
2024-11-17 21:44:26,817 [ERROR] ConditionMgr:805 - Attr not supported : Dmpu
2024-11-17 21:44:26,817 [ERROR] ConditionMgr:805 - Attr not supported : Dmpu
2024-11-17 21:44:26,817 [ERROR] ConditionMgr:805 - Attr not supported : Dmpu
2024-11-17 21:44:26,817 [ERROR] ConditionMgr:805 - Attr not supported : Dmpu
2024-11-17 21:44:26,818 [ERROR] ConditionMgr:805 - Attr not supported : Dmpu
2024-11-17 21:44:26,818 [ERROR] ConditionMgr:805 - Attr not supported : Dmpu
2024-11-17 21:44:26,818 [ERROR] ConditionMgr:805 - Attr not supported : Dmpu
2024-11-17 21:44:26,818 [ERROR] ConditionMgr:805 - Attr not supported : Dmpu
2024-11-17 21:44:26,818 [ERROR] ConditionMgr:805 - Attr not supported : Dmpu
2024-11-17 21:44:26,818 [ERROR] ConditionMgr:805 - Attr not supported : Dmpu
2024-11-17 21:44:26,818 [ERROR] ConditionMgr:805 - Attr not supported : Dmpu
2024-11-17 21:44:26,818 [ERROR] ConditionMgr:805 - Attr not supported : Dmpu
2024-11-17 21:44:26,818 [ERROR] ConditionMgr:805 - Attr not supported : Dmpu
2024-11-17 21:44:26,818 [ERROR] ConditionMgr:805 - Attr not supported : Dmpu
2024-11-17 21:44:26,818 [ERROR] ConditionMgr:805 - Attr not supported : Dmpu
2024-11-17 21:44:26,818 [ERROR] ConditionMgr:805 - Attr not supported : Dmpu
2024-11-17 21:44:26,818 [ERROR] ConditionMgr:805 - Attr not supported : Dmpu
2024-11-17 21:44:26,818 [ERROR] ConditionMgr:805 - Attr not supported : Dmpu
2024-11-17 21:44:26,818 [ERROR] ConditionMgr:805 - Attr not supported : Dmpu
2024-11-17 21:44:26,818 [ERROR] ConditionMgr:805 - Attr not supported : Dmpu
2024-11-17 21:44:26,819 [ERROR] ConditionMgr:805 - Attr not supported : Dmpu
2024-11-17 21:44:26,819 [ERROR] ConditionMgr:805 - Attr not supported : Dmpu
2024-11-17 21:44:26,819 [ERROR] ConditionMgr:805 - Attr not supported : Dmpu
2024-11-17 21:44:26,819 [ERROR] ConditionMgr:805 - Attr not supported : Dmpu
2024-11-17 21:44:26,819 [ERROR] ConditionMgr:805 - Attr not supported : Dmpu
2024-11-17 21:44:26,819 [ERROR] ConditionMgr:805 - Attr not supported : Dmpu
2024-11-17 21:44:26,819 [ERROR] ConditionMgr:805 - Attr not supported : Dmpu
2024-11-17 21:44:26,819 [ERROR] ConditionMgr:805 - Attr not supported : Dmpu
2024-11-17 21:44:26,819 [ERROR] ConditionMgr:805 - Attr not supported : Dmpu
2024-11-17 21:44:26,819 [ERROR] ConditionMgr:805 - Attr not supported : Dmpu
2024-11-17 21:44:26,819 [ERROR] ConditionMgr:805 - Attr not supported : Dmpu
2024-11-17 21:44:26,819 [ERROR] ConditionMgr:805 - Attr not supported : Dmpu
2024-11-17 21:44:26,819 [ERROR] ConditionMgr:805 - Attr not supported : Dmpu
2024-11-17 21:44:26,819 [ERROR] ConditionMgr:805 - Attr not supported : Dmpu
2024-11-17 21:44:26,819 [ERROR] ConditionMgr:805 - Attr not supported : Dmpu
2024-11-17 21:44:26,819 [ERROR] ConditionMgr:805 - Attr not supported : Dmpu
2024-11-17 21:44:26,819 [ERROR] ConditionMgr:805 - Attr not supported : Dmpu
2024-11-17 21:44:26,820 [ERROR] ConditionMgr:805 - Attr not supported : Dmpu
2024-11-17 21:44:26,820 [ERROR] ConditionMgr:805 - Attr not supported : Dmpu
2024-11-17 21:44:26,834 [WARN] PackLoader:240 - Cannot read IP mode file for RealThread.X-CUBE-RT-Thread_Nano.4.1.1
2024-11-17 21:44:26,847 [WARN] PackLoader:240 - Cannot read IP mode file for wolfSSL.I-CUBE-wolfSSL.5.7.0
2024-11-17 21:44:26,854 [WARN] PackLoader:240 - Cannot read IP mode file for STMicroelectronics.FP-ATR-SIGFOX1.3.2.0
2024-11-17 21:44:26,867 [WARN] ConditionMgr:438 - getConditionDescription Invalid condition id : Cortex-A Device cause : null
2024-11-17 21:44:26,895 [WARN] ConditionMgr:1039 - genDependencies : Invalid condition id : Cortex-A Device cause : null
2024-11-17 21:44:26,895 [WARN] ConditionMgr:1039 - genDependencies : Invalid condition id : Cortex-A Device cause : null
2024-11-17 21:44:26,895 [WARN] ConditionMgr:1039 - genDependencies : Invalid condition id : Cortex-A Device cause : null
2024-11-17 21:44:26,912 [WARN] PackLoader:240 - Cannot read IP mode file for STMicroelectronics.X-CUBE-EEPRMA1.5.1.0
2024-11-17 21:44:26,937 [WARN] PackLoader:240 - Cannot read IP mode file for ITTIA_DB.I-CUBE-ITTIADB.8.9.0
2024-11-17 21:44:26,990 [WARN] PackLoader:240 - Cannot read IP mode file for SEGGER.I-CUBE-embOS.1.3.1
2024-11-17 21:44:27,034 [WARN] PackLoader:240 - Cannot read IP mode file for STMicroelectronics.X-CUBE-ALGOBUILD.1.4.0
2024-11-17 21:44:27,051 [WARN] PackLoader:240 - Cannot read IP mode file for STMicroelectronics.X-CUBE-AI.9.1.0
2024-11-17 21:44:27,072 [WARN] PackLoader:240 - Cannot read IP mode file for STMicroelectronics.X-CUBE-GNSS1.6.0.0
2024-11-17 21:44:27,104 [WARN] PackLoader:240 - Cannot read IP mode file for STMicroelectronics.X-CUBE-AZRTOS-F4.1.1.0
2024-11-17 21:44:27,118 [WARN] PackLoader:240 - Cannot read IP mode file for STMicroelectronics.X-CUBE-ISPU.2.1.0
2024-11-17 21:44:27,133 [WARN] PackLoader:240 - Cannot read IP mode file for STMicroelectronics.X-CUBE-FREERTOS.1.2.0
2024-11-17 21:44:27,161 [WARN] PackLoader:240 - Cannot read IP mode file for STMicroelectronics.X-CUBE-AZRTOS-L5.2.0.0
2024-11-17 21:44:27,181 [WARN] PackLoader:240 - Cannot read IP mode file for STMicroelectronics.X-CUBE-NFC6.3.1.0
2024-11-17 21:44:27,196 [WARN] PackLoader:240 - Cannot read IP mode file for STMicroelectronics.X-CUBE-DPower.1.2.0
2024-11-17 21:44:27,208 [WARN] PackLoader:240 - Cannot read IP mode file for STMicroelectronics.X-CUBE-AI.9.0.0
2024-11-17 21:44:27,224 [WARN] PackLoader:240 - Cannot read IP mode file for STMicroelectronics.X-CUBE-NFC7.1.0.1
2024-11-17 21:44:27,242 [WARN] PackLoader:240 - Cannot read IP mode file for wolfSSL.I-CUBE-wolfTPM.3.2.0
2024-11-17 21:44:27,275 [WARN] ConditionMgr:438 - getConditionDescription Invalid condition id : LAN8742 Phy interface Condition cause : null
2024-11-17 21:44:27,276 [WARN] PackLoader:240 - Cannot read IP mode file for STMicroelectronics.X-CUBE-AZRTOS-L4.2.0.0
2024-11-17 21:44:27,276 [WARN] ConditionMgr:1039 - genDependencies : Invalid condition id : LAN8742 Phy interface Condition cause : null
2024-11-17 21:44:27,277 [WARN] ConditionMgr:1039 - genDependencies : Invalid condition id : LAN8742 Phy interface Condition cause : null
2024-11-17 21:44:27,277 [WARN] ConditionMgr:1039 - genDependencies : Invalid condition id : LAN8742 Phy interface Condition cause : null
2024-11-17 21:44:27,302 [WARN] PackLoader:240 - Cannot read IP mode file for STMicroelectronics.X-CUBE-SFXS2LP1.4.0.0
2024-11-17 21:44:27,341 [WARN] PackLoader:240 - Cannot read IP mode file for STMicroelectronics.X-CUBE-AZRTOS-H7.3.3.0
2024-11-17 21:44:27,370 [WARN] PackLoader:240 - Cannot read IP mode file for STMicroelectronics.X-CUBE-IPS.3.0.0
2024-11-17 21:44:27,412 [WARN] ConditionMgr:438 - getConditionDescription Invalid condition id : UX DEVICE CLASS RTOS Condition cause : null
2024-11-17 21:44:27,412 [WARN] ConditionMgr:438 - getConditionDescription Invalid condition id : UX DEVICE CLASS RTOS Condition cause : null
2024-11-17 21:44:27,414 [WARN] PackLoader:240 - Cannot read IP mode file for STMicroelectronics.X-CUBE-AZRTOS-WB.2.0.0
2024-11-17 21:44:27,415 [WARN] ConditionMgr:1039 - genDependencies : Invalid condition id : UX DEVICE CLASS RTOS Condition cause : null
2024-11-17 21:44:27,415 [WARN] ConditionMgr:1039 - genDependencies : Invalid condition id : UX DEVICE CLASS RTOS Condition cause : null
2024-11-17 21:44:27,415 [WARN] ConditionMgr:1039 - genDependencies : Invalid condition id : UX DEVICE CLASS RTOS Condition cause : null
2024-11-17 21:44:27,415 [WARN] ConditionMgr:1039 - genDependencies : Invalid condition id : UX DEVICE CLASS RTOS Condition cause : null
2024-11-17 21:44:27,415 [WARN] ConditionMgr:1039 - genDependencies : Invalid condition id : UX DEVICE CLASS RTOS Condition cause : null
2024-11-17 21:44:27,432 [WARN] PackLoader:240 - Cannot read IP mode file for STMicroelectronics.X-CUBE-GNSS1.7.0.0
2024-11-17 21:44:27,448 [WARN] PackLoader:240 - Cannot read IP mode file for STMicroelectronics.FP-SNS-STBOX1.2.0.0
2024-11-17 21:44:27,485 [WARN] PackLoader:240 - Cannot read IP mode file for STMicroelectronics.X-CUBE-SUBG2.5.0.0
2024-11-17 21:44:27,517 [WARN] PackLoader:240 - Cannot read IP mode file for STMicroelectronics.X-CUBE-AZRTOS-G4.2.0.0
2024-11-17 21:44:27,532 [WARN] PackLoader:240 - Cannot read IP mode file for STMicroelectronics.X-CUBE-ISPU.2.0.0
2024-11-17 21:44:27,545 [WARN] PackLoader:240 - Cannot read IP mode file for STMicroelectronics.X-CUBE-ALS.1.0.2
2024-11-17 21:44:27,603 [WARN] PackLoader:240 - Cannot read IP mode file for STMicroelectronics.X-CUBE-MEMS1.10.0.0
2024-11-17 21:44:27,690 [WARN] PackLoader:240 - Cannot read IP mode file for STMicroelectronics.X-CUBE-TOUCHGFX.4.24.0
2024-11-17 21:44:27,705 [WARN] PackLoader:240 - Cannot read IP mode file for STMicroelectronics.X-CUBE-TOUCHGFX.4.24.1
2024-11-17 21:44:27,720 [WARN] PackLoader:240 - Cannot read IP mode file for portGmbH.I-Cube-SoM-uGOAL.1.1.0
2024-11-17 21:44:27,733 [WARN] PackLoader:240 - Cannot read IP mode file for STMicroelectronics.X-CUBE-ALS.1.0.1
2024-11-17 21:44:27,762 [WARN] PackLoader:240 - Cannot read IP mode file for STMicroelectronics.X-CUBE-AZRTOS-H7RS.1.0.0
2024-11-17 21:44:27,779 [WARN] PackLoader:240 - Cannot read IP mode file for STMicroelectronics.FP-ATR-ASTRA1.2.0.0
2024-11-17 21:44:27,801 [WARN] PackLoader:240 - Cannot read IP mode file for STMicroelectronics.X-CUBE-TOF1.3.4.2
2024-11-17 21:44:27,828 [WARN] PackLoader:240 - Cannot read IP mode file for STMicroelectronics.X-CUBE-TOF1.3.4.1
2024-11-17 21:44:27,865 [WARN] PackLoader:240 - Cannot read IP mode file for STMicroelectronics.X-CUBE-AZRTOS-H7.3.2.0
2024-11-17 21:44:27,896 [WARN] PackLoader:240 - Cannot read IP mode file for Infineon.AIROC-Wi-Fi-Bluetooth-STM32.1.6.0
2024-11-17 21:44:27,910 [WARN] PackLoader:240 - Cannot read IP mode file for wolfSSL.I-CUBE-wolfSSH.1.4.17
2024-11-17 21:44:27,910 [INFO] ThirdParty:978 - Integrity check success = true
2024-11-17 21:44:27,910 [INFO] IntegrityCheckThread:100 - exiting critical section [integrity check]
2024-11-17 21:44:27,910 [INFO] IntegrityCheckThread:103 - End integrity checks thread
2024-11-17 21:44:30,093 [INFO] WebApp:167 - Instantiating new browser for Auth
2024-11-17 21:44:30,948 [INFO] WebApp:448 - Apply proxy settings
2024-11-17 21:44:30,948 [INFO] WebApp:533 - Chromium requires no authentication
2024-11-17 21:44:30,973 [INFO] WebApp:476 - Direct internet connection detected
2024-11-17 21:44:31,018 [INFO] WebApp:869 - Register for checkConnection events
2024-11-17 21:44:31,019 [INFO] WebApp:448 - Apply proxy settings
2024-11-17 21:44:31,019 [INFO] WebApp:533 - Chromium requires no authentication
2024-11-17 21:44:31,019 [INFO] WebApp:476 - Direct internet connection detected
2024-11-17 21:44:31,238 [INFO] WebApp:220 - Starting web application
2024-11-17 21:44:31,238 [INFO] WebApp:578 - Web application path used C:\ST\STM32CubeIDE_1.16.1\STM32CubeIDE\plugins\com.st.stm32cube.common.mx_6.12.1.202409122256\db\plugins\mcufinder\reactClient1\index.html
2024-11-17 21:44:31,357 [INFO] WebApp:186 - Connection restablished
