2024-11-14 21:29:46,581 [INFO] Activator:176 - 


2024-11-14 21:29:46,587 [INFO] Activator:177 - !SESSION log4j initialized
2024-11-14 21:29:52,596 [INFO] LogOutputStream:77 - [STDOUT_REDIRECT] 
2024-11-14 21:29:55,633 [INFO] ApplicationProperties:184 - Using Application install path: C:\ST\STM32CubeIDE_1.16.1\STM32CubeIDE\plugins\com.st.stm32cube.common.mx_6.12.1.202409122256
2024-11-14 21:29:55,661 [INFO] DbMcusXml:78 - Set database path to: C:\ST\STM32CubeIDE_1.16.1\STM32CubeIDE\plugins\com.st.stm32cube.common.mx_6.12.1.202409122256\\db\/mcu/
2024-11-14 21:29:55,661 [INFO] ApiDb:274 - Set plugin database path to: C:\ST\STM32CubeIDE_1.16.1\STM32CubeIDE\plugins\com.st.stm32cube.common.mx_6.12.1.202409122256\\db\/plugins/boardmanager/
2024-11-14 21:29:55,662 [WARN] ApiDb:259 - Overriding images path with different value:  => C:\ST\STM32CubeIDE_1.16.1\STM32CubeIDE\plugins\com.st.stm32cube.common.mx_6.12.1.202409122256\\db\/plugins/mcufinder/images/
2024-11-14 21:29:55,679 [INFO] ApiDb:250 - Set database path to: C:\Users\dudah\.stmcufinder\plugins\mcufinder//mcu/
2024-11-14 21:29:55,680 [INFO] DbMcusAds:125 - Set database path to: C:\Users\dudah\.stmcufinder\plugins\mcufinder//mcu/
2024-11-14 21:29:55,683 [INFO] CrossReferenceDbSqlite:203 - Set database path to: C:\Users\dudah\.stmcufinder\plugins\mcufinder//mcu/cs/
2024-11-14 21:29:55,808 [INFO] RulesReader:64 - Compatibility file has been processed (297 Rules)
2024-11-14 21:29:55,894 [INFO] DbMcusXml:78 - Set database path to: C:\ST\STM32CubeIDE_1.16.1\STM32CubeIDE\plugins\com.st.stm32cube.common.mx_6.12.1.202409122256\\db\/mcu/
2024-11-14 21:29:55,894 [INFO] ApiDb:274 - Set plugin database path to: C:\ST\STM32CubeIDE_1.16.1\STM32CubeIDE\plugins\com.st.stm32cube.common.mx_6.12.1.202409122256\\db\/plugins/boardmanager/
2024-11-14 21:29:55,894 [INFO] ApiDb:261 - Set plugin images path to: C:\ST\STM32CubeIDE_1.16.1\STM32CubeIDE\plugins\com.st.stm32cube.common.mx_6.12.1.202409122256\\db\/plugins/mcufinder/images/
2024-11-14 21:29:55,894 [WARN] DbFile:41 - Overriding database path with different value: C:\Users\dudah\.stmcufinder\plugins\mcufinder/ => C:\Users\dudah\.stmcufinder\plugins\mcufinder
2024-11-14 21:29:55,894 [INFO] ApiDb:250 - Set database path to: C:\Users\dudah\.stmcufinder\plugins\mcufinder//mcu/
2024-11-14 21:29:55,894 [WARN] DbFile:41 - Overriding database path with different value: C:\Users\dudah\.stmcufinder\plugins\mcufinder/ => C:\Users\dudah\.stmcufinder\plugins\mcufinder
2024-11-14 21:29:55,894 [INFO] DbMcusAds:125 - Set database path to: C:\Users\dudah\.stmcufinder\plugins\mcufinder//mcu/
2024-11-14 21:29:55,894 [WARN] DbFile:41 - Overriding database path with different value: C:\Users\dudah\.stmcufinder\plugins\mcufinder/ => C:\Users\dudah\.stmcufinder\plugins\mcufinder
2024-11-14 21:29:55,895 [WARN] DbFile:41 - Overriding database path with different value: C:\Users\dudah\.stmcufinder\plugins\mcufinder/ => C:\Users\dudah\.stmcufinder\plugins\mcufinder
2024-11-14 21:29:55,895 [INFO] CrossReferenceDbSqlite:203 - Set database path to: C:\Users\dudah\.stmcufinder\plugins\mcufinder//mcu/cs/
2024-11-14 21:29:56,002 [INFO] MainPanel:268 - HeapMemory: 268435456
2024-11-14 21:29:56,115 [INFO] DbMcusXml:78 - Set database path to: C:\ST\STM32CubeIDE_1.16.1\STM32CubeIDE\plugins\com.st.stm32cube.common.mx_6.12.1.202409122256\\db\/mcu/
2024-11-14 21:29:56,116 [INFO] ApiDb:274 - Set plugin database path to: C:\ST\STM32CubeIDE_1.16.1\STM32CubeIDE\plugins\com.st.stm32cube.common.mx_6.12.1.202409122256\\db\/plugins/boardmanager/
2024-11-14 21:29:56,116 [INFO] ApiDb:261 - Set plugin images path to: C:\ST\STM32CubeIDE_1.16.1\STM32CubeIDE\plugins\com.st.stm32cube.common.mx_6.12.1.202409122256\\db\/plugins/mcufinder/images/
2024-11-14 21:29:56,116 [WARN] DbFile:41 - Overriding database path with different value: C:\Users\dudah\.stmcufinder\plugins\mcufinder/ => C:\Users\dudah\.stmcufinder\plugins\mcufinder
2024-11-14 21:29:56,116 [INFO] ApiDb:250 - Set database path to: C:\Users\dudah\.stmcufinder\plugins\mcufinder//mcu/
2024-11-14 21:29:56,116 [WARN] DbFile:41 - Overriding database path with different value: C:\Users\dudah\.stmcufinder\plugins\mcufinder/ => C:\Users\dudah\.stmcufinder\plugins\mcufinder
2024-11-14 21:29:56,116 [INFO] DbMcusAds:125 - Set database path to: C:\Users\dudah\.stmcufinder\plugins\mcufinder//mcu/
2024-11-14 21:29:56,116 [WARN] DbFile:41 - Overriding database path with different value: C:\Users\dudah\.stmcufinder\plugins\mcufinder/ => C:\Users\dudah\.stmcufinder\plugins\mcufinder
2024-11-14 21:29:56,116 [WARN] DbFile:41 - Overriding database path with different value: C:\Users\dudah\.stmcufinder\plugins\mcufinder/ => C:\Users\dudah\.stmcufinder\plugins\mcufinder
2024-11-14 21:29:56,116 [INFO] CrossReferenceDbSqlite:203 - Set database path to: C:\Users\dudah\.stmcufinder\plugins\mcufinder//mcu/cs/
2024-11-14 21:29:56,134 [INFO] ApplicationProperties:184 - Using Application install path: C:\ST\STM32CubeIDE_1.16.1\STM32CubeIDE\plugins\com.st.stm32cube.common.mx_6.12.1.202409122256
2024-11-14 21:29:56,136 [INFO] PluginManage:196 - Search for loadable plugins [exclusion list=, ]
2024-11-14 21:29:56,137 [INFO] PluginManage:310 - Check plugin analytics
2024-11-14 21:29:56,308 [INFO] AnalyticsPlugin:253 - Accepted Software Licenses: 
2024-11-14 21:29:56,308 [INFO] AnalyticsPlugin:255 - Accepted CMSIS Pack Licenses: 
2024-11-14 21:29:56,309 [INFO] AnalyticsPlugin:257 - Accepted Firmware Licenses: FW.F4.1.28.0
2024-11-14 21:29:56,310 [INFO] PluginManage:359 - Loaded plugin analytics (category:tool,tabindex:-1)
2024-11-14 21:29:56,311 [INFO] PluginManage:310 - Check plugin cadmodel
2024-11-14 21:29:56,328 [INFO] CADModel:105 - Init CAD model plugin
2024-11-14 21:29:56,329 [INFO] PluginManage:359 - Loaded plugin cadmodel (category:power,tabindex:5)
2024-11-14 21:29:56,329 [INFO] PluginManage:310 - Check plugin clock
2024-11-14 21:29:56,356 [INFO] PluginManage:359 - Loaded plugin clock (category:base,tabindex:2)
2024-11-14 21:29:56,356 [INFO] PluginManage:310 - Check plugin ddr
2024-11-14 21:29:56,359 [INFO] PluginManage:359 - Loaded plugin ddr (category:tool,tabindex:6)
2024-11-14 21:29:56,360 [INFO] PluginManage:310 - Check plugin filemanager
2024-11-14 21:29:56,520 [INFO] PluginManage:359 - Loaded plugin filemanager (category:base,tabindex:10)
2024-11-14 21:29:56,520 [INFO] PluginManage:310 - Check plugin ipmanager
2024-11-14 21:29:56,527 [INFO] PluginManage:359 - Loaded plugin ipmanager (category:base,tabindex:5)
2024-11-14 21:29:56,528 [INFO] PluginManage:310 - Check plugin lpbam
2024-11-14 21:29:56,546 [INFO] PluginManage:359 - Loaded plugin lpbam (category:base,tabindex:0)
2024-11-14 21:29:56,546 [INFO] PluginManage:310 - Check plugin memorymap
2024-11-14 21:29:56,572 [INFO] PluginManage:359 - Loaded plugin memorymap (category:base,tabindex:4)
2024-11-14 21:29:56,572 [INFO] PluginManage:310 - Check plugin pinoutandconfiguration
2024-11-14 21:29:56,590 [INFO] PluginManage:359 - Loaded plugin pinoutandconfiguration (category:base,tabindex:1)
2024-11-14 21:29:56,590 [INFO] PluginManage:310 - Check plugin pinoutconfig
2024-11-14 21:29:56,689 [WARN] SupportedApi:132 - Cannot load RTOS API schema: s4s-elt-must-match.1: The content of 'definitions' must match (annotation?, (simpleType | complexType)?, (unique | key | keyref)*)). A problem was found starting at: attribute.
2024-11-14 21:29:56,826 [INFO] PluginManage:359 - Loaded plugin pinoutconfig (category:base,tabindex:0)
2024-11-14 21:29:56,827 [INFO] PluginManage:310 - Check plugin power
2024-11-14 21:29:56,849 [INFO] PluginManage:359 - Loaded plugin power (category:power,tabindex:4)
2024-11-14 21:29:56,849 [INFO] PluginManage:310 - Check plugin projectmanager
2024-11-14 21:29:56,863 [INFO] PluginManage:359 - Loaded plugin projectmanager (category:projectmanager,tabindex:4)
2024-11-14 21:29:56,863 [INFO] PluginManage:310 - Check plugin rif
2024-11-14 21:29:56,879 [INFO] PluginManage:359 - Loaded plugin rif (category:base,tabindex:3)
2024-11-14 21:29:56,879 [INFO] PluginManage:310 - Check plugin thirdparty
2024-11-14 21:29:57,144 [INFO] PluginManage:359 - Loaded plugin thirdparty (category:base,tabindex:-1)
2024-11-14 21:29:57,144 [WARN] IntegrityCheckThread:84 - waiting for thirdparty lock release [integrity check]
2024-11-14 21:29:57,145 [INFO] PluginManage:310 - Check plugin tools
2024-11-14 21:29:57,145 [INFO] IntegrityCheckThread:86 - entering critical section [integrity check]
2024-11-14 21:29:57,145 [INFO] ThirdPartyUpdaterWithRetryManager:70 - Updater plugin not ready yet. [1/15]
2024-11-14 21:29:57,174 [INFO] PluginManage:359 - Loaded plugin tools (category:base,tabindex:7)
2024-11-14 21:29:57,174 [INFO] PluginManage:310 - Check plugin tutovideos
2024-11-14 21:29:57,398 [INFO] PluginManage:359 - Loaded plugin tutovideos (category:base,tabindex:-1)
2024-11-14 21:29:57,399 [INFO] PluginManage:310 - Check plugin updater
2024-11-14 21:29:57,417 [INFO] PluginManage:359 - Loaded plugin updater (category:base,tabindex:12)
2024-11-14 21:29:57,417 [INFO] PluginManage:310 - Check plugin userauth
2024-11-14 21:29:57,426 [INFO] UserAuth:113 - Init User Auth plugin
2024-11-14 21:29:57,426 [INFO] PluginManage:359 - Loaded plugin userauth (category:base,tabindex:14)
2024-11-14 21:29:57,426 [INFO] PluginManage:283 - PluginManage : Loaded plugins [18]
2024-11-14 21:29:57,632 [INFO] PinOutPanel:1561 - setPackage(No Configuration,No Configuration)
2024-11-14 21:29:57,721 [INFO] CADModel:165 - CPN selected for project level
2024-11-14 21:29:57,721 [INFO] CADModel:114 - Register for checkConnection events
2024-11-14 21:29:57,746 [INFO] IPUIPlugin:80 - create IPUIPlugin
2024-11-14 21:29:57,747 [INFO] PluginManager:220 - loadIPPluginJar : add adc
2024-11-14 21:29:57,779 [INFO] IPUIPlugin:80 - create IPUIPlugin
2024-11-14 21:29:57,779 [INFO] PluginManager:220 - loadIPPluginJar : add aes
2024-11-14 21:29:57,830 [INFO] IPUIPlugin:80 - create IPUIPlugin
2024-11-14 21:29:57,831 [INFO] PluginManager:220 - loadIPPluginJar : add can
2024-11-14 21:29:57,851 [INFO] IPUIPlugin:80 - create IPUIPlugin
2024-11-14 21:29:57,851 [INFO] PluginManager:220 - loadIPPluginJar : add comp
2024-11-14 21:29:57,883 [INFO] IPUIPlugin:80 - create IPUIPlugin
2024-11-14 21:29:57,883 [INFO] PluginManager:220 - loadIPPluginJar : add cryp
2024-11-14 21:29:57,898 [INFO] IPUIPlugin:80 - create IPUIPlugin
2024-11-14 21:29:57,898 [INFO] PluginManager:220 - loadIPPluginJar : add ddr_ctrl_phy
2024-11-14 21:29:57,922 [INFO] IPUIPlugin:80 - create IPUIPlugin
2024-11-14 21:29:57,922 [INFO] PluginManager:220 - loadIPPluginJar : add dfsdm
2024-11-14 21:29:57,938 [INFO] IPUIPlugin:80 - create IPUIPlugin
2024-11-14 21:29:57,938 [INFO] PluginManager:220 - loadIPPluginJar : add dma
2024-11-14 21:29:57,987 [INFO] IPUIPlugin:80 - create IPUIPlugin
2024-11-14 21:29:57,987 [INFO] PluginManager:220 - loadIPPluginJar : add dma3
2024-11-14 21:29:58,071 [INFO] IPUIPlugin:80 - create IPUIPlugin
2024-11-14 21:29:58,071 [INFO] PluginManager:220 - loadIPPluginJar : add extmemmanager
2024-11-14 21:29:58,115 [INFO] IPUIPlugin:80 - create IPUIPlugin
2024-11-14 21:29:58,115 [INFO] PluginManager:220 - loadIPPluginJar : add fatfs
2024-11-14 21:29:58,174 [INFO] IPUIPlugin:80 - create IPUIPlugin
2024-11-14 21:29:58,175 [INFO] PluginManager:220 - loadIPPluginJar : add fmc
2024-11-14 21:29:58,191 [INFO] IPUIPlugin:80 - create IPUIPlugin
2024-11-14 21:29:58,191 [INFO] PluginManager:220 - loadIPPluginJar : add freertos
2024-11-14 21:29:58,210 [INFO] IPUIPlugin:80 - create IPUIPlugin
2024-11-14 21:29:58,210 [INFO] PluginManager:220 - loadIPPluginJar : add genericplugin
2024-11-14 21:29:58,294 [INFO] IPUIPlugin:80 - create IPUIPlugin
2024-11-14 21:29:58,294 [INFO] PluginManager:220 - loadIPPluginJar : add gfxmmu
2024-11-14 21:29:58,437 [INFO] IPUIPlugin:80 - create IPUIPlugin
2024-11-14 21:29:58,437 [INFO] PluginManager:220 - loadIPPluginJar : add gic
2024-11-14 21:29:58,457 [INFO] IPUIPlugin:80 - create IPUIPlugin
2024-11-14 21:29:58,457 [INFO] PluginManager:220 - loadIPPluginJar : add gpio
2024-11-14 21:29:58,550 [INFO] IPUIPlugin:80 - create IPUIPlugin
2024-11-14 21:29:58,550 [INFO] PluginManager:220 - loadIPPluginJar : add gtzc
2024-11-14 21:29:58,600 [INFO] IPUIPlugin:80 - create IPUIPlugin
2024-11-14 21:29:58,601 [INFO] PluginManager:220 - loadIPPluginJar : add hash
2024-11-14 21:29:58,654 [INFO] IPUIPlugin:80 - create IPUIPlugin
2024-11-14 21:29:58,655 [INFO] PluginManager:220 - loadIPPluginJar : add i2c
2024-11-14 21:29:58,687 [INFO] IPUIPlugin:80 - create IPUIPlugin
2024-11-14 21:29:58,688 [INFO] PluginManager:220 - loadIPPluginJar : add i2s
2024-11-14 21:29:58,796 [INFO] IPUIPlugin:80 - create IPUIPlugin
2024-11-14 21:29:58,796 [INFO] PluginManager:220 - loadIPPluginJar : add i3c
2024-11-14 21:29:58,925 [INFO] IPUIPlugin:80 - create IPUIPlugin
2024-11-14 21:29:58,925 [INFO] PluginManager:220 - loadIPPluginJar : add ipddr
2024-11-14 21:29:59,021 [INFO] IPUIPlugin:80 - create IPUIPlugin
2024-11-14 21:29:59,021 [INFO] PluginManager:220 - loadIPPluginJar : add linkedlist
2024-11-14 21:29:59,049 [INFO] IPUIPlugin:80 - create IPUIPlugin
2024-11-14 21:29:59,050 [INFO] PluginManager:220 - loadIPPluginJar : add lorawan
2024-11-14 21:29:59,079 [INFO] IPUIPlugin:80 - create IPUIPlugin
2024-11-14 21:29:59,080 [INFO] PluginManager:220 - loadIPPluginJar : add ltdc
2024-11-14 21:29:59,103 [INFO] IPUIPlugin:80 - create IPUIPlugin
2024-11-14 21:29:59,103 [INFO] PluginManager:220 - loadIPPluginJar : add mdma
2024-11-14 21:29:59,126 [INFO] IPUIPlugin:80 - create IPUIPlugin
2024-11-14 21:29:59,126 [INFO] PluginManager:220 - loadIPPluginJar : add nvic
2024-11-14 21:29:59,159 [INFO] IPUIPlugin:80 - create IPUIPlugin
2024-11-14 21:29:59,159 [INFO] PluginManager:220 - loadIPPluginJar : add opamp
2024-11-14 21:29:59,242 [INFO] IPUIPlugin:80 - create IPUIPlugin
2024-11-14 21:29:59,242 [INFO] PluginManager:220 - loadIPPluginJar : add openamp
2024-11-14 21:29:59,286 [INFO] IPUIPlugin:80 - create IPUIPlugin
2024-11-14 21:29:59,286 [INFO] PluginManager:220 - loadIPPluginJar : add pdm2pcm
2024-11-14 21:29:59,302 [INFO] IPUIPlugin:80 - create IPUIPlugin
2024-11-14 21:29:59,304 [INFO] PluginManager:220 - loadIPPluginJar : add plateformsettings
2024-11-14 21:29:59,325 [INFO] IPUIPlugin:80 - create IPUIPlugin
2024-11-14 21:29:59,325 [INFO] PluginManager:220 - loadIPPluginJar : add quadspi
2024-11-14 21:29:59,349 [INFO] IPUIPlugin:80 - create IPUIPlugin
2024-11-14 21:29:59,350 [INFO] PluginManager:220 - loadIPPluginJar : add radio
2024-11-14 21:29:59,365 [INFO] IPUIPlugin:80 - create IPUIPlugin
2024-11-14 21:29:59,365 [INFO] PluginManager:220 - loadIPPluginJar : add resmgrutility
2024-11-14 21:29:59,414 [INFO] IPUIPlugin:80 - create IPUIPlugin
2024-11-14 21:29:59,414 [INFO] PluginManager:220 - loadIPPluginJar : add sai
2024-11-14 21:29:59,482 [INFO] IPUIPlugin:80 - create IPUIPlugin
2024-11-14 21:29:59,482 [INFO] PluginManager:220 - loadIPPluginJar : add spi
2024-11-14 21:29:59,577 [INFO] IPUIPlugin:80 - create IPUIPlugin
2024-11-14 21:29:59,577 [INFO] PluginManager:220 - loadIPPluginJar : add stm32_wpan
2024-11-14 21:29:59,610 [INFO] IPUIPlugin:80 - create IPUIPlugin
2024-11-14 21:29:59,611 [INFO] PluginManager:220 - loadIPPluginJar : add tim
2024-11-14 21:29:59,666 [INFO] IPUIPlugin:80 - create IPUIPlugin
2024-11-14 21:29:59,666 [INFO] PluginManager:220 - loadIPPluginJar : add touchsensing
2024-11-14 21:29:59,696 [INFO] IPUIPlugin:80 - create IPUIPlugin
2024-11-14 21:29:59,696 [INFO] PluginManager:220 - loadIPPluginJar : add tracer_emb
2024-11-14 21:29:59,723 [INFO] IPUIPlugin:80 - create IPUIPlugin
2024-11-14 21:29:59,723 [INFO] PluginManager:220 - loadIPPluginJar : add ts
2024-11-14 21:29:59,753 [INFO] IPUIPlugin:80 - create IPUIPlugin
2024-11-14 21:29:59,753 [INFO] PluginManager:220 - loadIPPluginJar : add tsc
2024-11-14 21:29:59,774 [INFO] IPUIPlugin:80 - create IPUIPlugin
2024-11-14 21:29:59,774 [INFO] PluginManager:220 - loadIPPluginJar : add ucpd
2024-11-14 21:29:59,818 [INFO] IPUIPlugin:80 - create IPUIPlugin
2024-11-14 21:29:59,819 [INFO] PluginManager:220 - loadIPPluginJar : add usart
2024-11-14 21:29:59,855 [INFO] IPUIPlugin:80 - create IPUIPlugin
2024-11-14 21:29:59,855 [INFO] PluginManager:220 - loadIPPluginJar : add usbx
2024-11-14 21:29:59,977 [INFO] CADModel:165 - CPN selected for project level
2024-11-14 21:29:59,977 [INFO] CADModel:114 - Register for checkConnection events
2024-11-14 21:29:59,977 [FATAL] Updater:334 - Updater called before beeing initialized
2024-11-14 21:29:59,977 [ERROR] CADModel:125 - Updater not yet initialized, retry later 
2024-11-14 21:30:00,104 [INFO] CADModel:165 - CPN selected for project level
2024-11-14 21:30:00,105 [INFO] CADModel:114 - Register for checkConnection events
2024-11-14 21:30:00,105 [FATAL] Updater:334 - Updater called before beeing initialized
2024-11-14 21:30:00,105 [ERROR] CADModel:125 - Updater not yet initialized, retry later 
2024-11-14 21:30:00,108 [FATAL] Updater:334 - Updater called before beeing initialized
2024-11-14 21:30:00,154 [INFO] ThirdPartyUpdaterWithRetryManager:70 - Updater plugin not ready yet. [2/15]
2024-11-14 21:30:00,209 [FATAL] Updater:334 - Updater called before beeing initialized
2024-11-14 21:30:00,220 [INFO] DbMcusAds:53 - JSON generation date=Fri Sep 20 22:04:38 KST 2024 (1726837478367)
2024-11-14 21:30:00,220 [FATAL] Updater:334 - Updater called before beeing initialized
2024-11-14 21:30:00,269 [WARN] DetailPanel:346 - Failed to get advertising image, set to default
2024-11-14 21:30:00,362 [FATAL] Updater:334 - Updater called before beeing initialized
2024-11-14 21:30:00,363 [FATAL] Updater:334 - Updater called before beeing initialized
2024-11-14 21:30:00,363 [FATAL] Updater:334 - Updater called before beeing initialized
2024-11-14 21:30:00,364 [WARN] DetailPanel:346 - Failed to get advertising image, set to default
2024-11-14 21:30:00,364 [FATAL] Updater:334 - Updater called before beeing initialized
2024-11-14 21:30:00,425 [ERROR] Updater:1164 - MainUpdater not yet initialized. External WinMGr cannot be set.
2024-11-14 21:30:00,434 [INFO] Updater:1100 - Updater Version found : 6.12.1
2024-11-14 21:30:00,452 [INFO] ApplicationProperties:184 - Using Application install path: C:\ST\STM32CubeIDE_1.16.1\STM32CubeIDE\plugins\com.st.stm32cube.common.mx_6.12.1.202409122256
2024-11-14 21:30:02,070 [ERROR] LogOutputStream:75 - [STDERR_REDIRECT] Nov 14, 2024 9:30:02 PM java.util.prefs.WindowsPreferences <init>
2024-11-14 21:30:02,073 [ERROR] LogOutputStream:75 - [STDERR_REDIRECT] WARNING: Could not open/create prefs root node Software\JavaSoft\Prefs at root 0xffffffff80000002. Windows RegCreateKeyEx(...) returned error code 5.
2024-11-14 21:30:02,074 [ERROR] LogOutputStream:75 - [STDERR_REDIRECT] 
2024-11-14 21:30:02,900 [INFO] MainUpdater:2873 - connection check result : 10
2024-11-14 21:30:02,901 [INFO] MainUpdater:290 - Updater Check For Update Now.
2024-11-14 21:30:02,901 [INFO] MicroXplorer:498 - Change Database Version : DB.6.0.121
2024-11-14 21:30:02,916 [INFO] McuFinderGlobals:63 - Set McuFinder mode to 2 (CubeIDE integrated)
2024-11-14 21:30:02,918 [INFO] UserAuth:179 - activating auth plugin
2024-11-14 21:30:02,924 [INFO] UserAuth:417 - Internet connection configuration mode: 1
2024-11-14 21:30:02,967 [INFO] JxBrowserEngine:152 - Initiate JxBrowser Engine with user profile folder
2024-11-14 21:30:03,157 [INFO] CheckServerUpdateThread:120 - End of CheckServer Thread
2024-11-14 21:30:03,495 [WARN] PackLoader:240 - Cannot read IP mode file for STMicroelectronics.FP-SNS-MOTENVWB1.1.4.0
2024-11-14 21:30:03,517 [WARN] PackLoader:240 - Cannot read IP mode file for STMicroelectronics.FP-ATR-ASTRA1.2.0.1
2024-11-14 21:30:03,535 [WARN] PackLoader:240 - Cannot read IP mode file for STMicroelectronics.X-CUBE-SMBUS.2.1.0
2024-11-14 21:30:03,555 [WARN] PackLoader:240 - Cannot read IP mode file for STMicroelectronics.X-CUBE-WB05N.1.1.0
2024-11-14 21:30:03,573 [WARN] PackLoader:240 - Cannot read IP mode file for STMicroelectronics.X-CUBE-TOUCHGFX.4.23.2
2024-11-14 21:30:03,642 [WARN] PackLoader:240 - Cannot read IP mode file for STMicroelectronics.X-CUBE-AZRTOS-F7.1.1.0
2024-11-14 21:30:03,747 [WARN] PackLoader:240 - Cannot read IP mode file for STMicroelectronics.X-CUBE-MEMS1.11.0.0
2024-11-14 21:30:03,956 [WARN] PackLoader:240 - Cannot read IP mode file for STMicroelectronics.FP-SNS-FLIGHT1.5.0.2
2024-11-14 21:30:03,977 [WARN] PackLoader:240 - Cannot read IP mode file for STMicroelectronics.X-CUBE-DISPLAY.3.0.0
2024-11-14 21:30:04,001 [WARN] PackLoader:240 - Cannot read IP mode file for STMicroelectronics.X-CUBE-BLE1.7.0.0
2024-11-14 21:30:04,021 [WARN] PackLoader:240 - Cannot read IP mode file for STMicroelectronics.X-CUBE-NFC10.1.0.0
2024-11-14 21:30:04,046 [WARN] PackLoader:240 - Cannot read IP mode file for emotas.I-CUBE-CANOPEN.1.3.0
2024-11-14 21:30:04,068 [WARN] PackLoader:240 - Cannot read IP mode file for STMicroelectronics.X-CUBE-BLEMGR.3.1.0
2024-11-14 21:30:04,090 [WARN] PackLoader:240 - Cannot read IP mode file for STMicroelectronics.FP-SNS-SMARTAG2.1.2.0
2024-11-14 21:30:04,123 [INFO] LogOutputStream:77 - [STDOUT_REDIRECT] 1 : Invalid condition id : UX_CORESTACK_Condition cause : null
2024-11-14 21:30:04,126 [INFO] LogOutputStream:77 - [STDOUT_REDIRECT] 1 : Invalid condition id : UX_CORESTACK_Condition cause : null
2024-11-14 21:30:04,131 [INFO] LogOutputStream:77 - [STDOUT_REDIRECT] 1 : Invalid condition id : UX_CORESTACK_Condition cause : null
2024-11-14 21:30:04,135 [INFO] LogOutputStream:77 - [STDOUT_REDIRECT] 1 : Invalid condition id : UX_CORESTACK_Condition cause : null
2024-11-14 21:30:04,138 [INFO] LogOutputStream:77 - [STDOUT_REDIRECT] 1 : Invalid condition id : UX_CORESTACK_Condition cause : null
2024-11-14 21:30:04,143 [WARN] PackLoader:240 - Cannot read IP mode file for STMicroelectronics.X-CUBE-AZRTOS-WL.2.0.0
2024-11-14 21:30:04,161 [WARN] PackLoader:240 - Cannot read IP mode file for STMicroelectronics.FP-SNS-MOTENV1.5.0.0
2024-11-14 21:30:04,178 [WARN] PackLoader:240 - Cannot read IP mode file for wolfSSL.I-CUBE-wolfMQTT.1.19.0
2024-11-14 21:30:04,202 [WARN] PackLoader:240 - Cannot read IP mode file for WES.I-CUBE-Cesium.1.3.0
2024-11-14 21:30:04,214 [WARN] PackLoader:240 - Cannot read IP mode file for STMicroelectronics.X-CUBE-BLE2.3.3.0
2024-11-14 21:30:04,230 [WARN] PackLoader:240 - Cannot read IP mode file for STMicroelectronics.X-CUBE-NFC9.1.0.0
2024-11-14 21:30:04,247 [WARN] PackLoader:240 - Cannot read IP mode file for STMicroelectronics.X-CUBE-TCPP.4.1.0
2024-11-14 21:30:04,295 [WARN] PackLoader:240 - Cannot read IP mode file for STMicroelectronics.X-CUBE-AZRTOS-G0.1.1.0
2024-11-14 21:30:04,331 [WARN] PackLoader:240 - Cannot read IP mode file for STMicroelectronics.X-CUBE-SAFEA1.1.2.2
2024-11-14 21:30:04,349 [WARN] PackLoader:240 - Cannot read IP mode file for STMicroelectronics.X-CUBE-NFC4.3.0.0
2024-11-14 21:30:04,361 [WARN] PackLoader:240 - Cannot read IP mode file for wolfSSL.I-CUBE-wolfMQTT.1.18.0
2024-11-14 21:30:04,385 [WARN] PackLoader:240 - Cannot read IP mode file for EmbeddedOffice.I-CUBE-FS-RTOS.1.0.1
2024-11-14 21:30:04,386 [ERROR] ConditionMgr:805 - Attr not supported : Dmpu
2024-11-14 21:30:04,386 [ERROR] ConditionMgr:805 - Attr not supported : Dmpu
2024-11-14 21:30:04,386 [ERROR] ConditionMgr:805 - Attr not supported : Dmpu
2024-11-14 21:30:04,386 [ERROR] ConditionMgr:805 - Attr not supported : Dmpu
2024-11-14 21:30:04,386 [ERROR] ConditionMgr:805 - Attr not supported : Dmpu
2024-11-14 21:30:04,386 [ERROR] ConditionMgr:805 - Attr not supported : Dmpu
2024-11-14 21:30:04,386 [ERROR] ConditionMgr:805 - Attr not supported : Dmpu
2024-11-14 21:30:04,386 [ERROR] ConditionMgr:805 - Attr not supported : Dmpu
2024-11-14 21:30:04,386 [ERROR] ConditionMgr:805 - Attr not supported : Dmpu
2024-11-14 21:30:04,386 [ERROR] ConditionMgr:805 - Attr not supported : Dmpu
2024-11-14 21:30:04,387 [ERROR] ConditionMgr:805 - Attr not supported : Dmpu
2024-11-14 21:30:04,387 [ERROR] ConditionMgr:805 - Attr not supported : Dmpu
2024-11-14 21:30:04,387 [ERROR] ConditionMgr:805 - Attr not supported : Dmpu
2024-11-14 21:30:04,387 [ERROR] ConditionMgr:805 - Attr not supported : Dmpu
2024-11-14 21:30:04,387 [ERROR] ConditionMgr:805 - Attr not supported : Dmpu
2024-11-14 21:30:04,387 [ERROR] ConditionMgr:805 - Attr not supported : Dmpu
2024-11-14 21:30:04,387 [ERROR] ConditionMgr:805 - Attr not supported : Dmpu
2024-11-14 21:30:04,387 [ERROR] ConditionMgr:805 - Attr not supported : Dmpu
2024-11-14 21:30:04,387 [ERROR] ConditionMgr:805 - Attr not supported : Dmpu
2024-11-14 21:30:04,387 [ERROR] ConditionMgr:805 - Attr not supported : Dmpu
2024-11-14 21:30:04,387 [ERROR] ConditionMgr:805 - Attr not supported : Dmpu
2024-11-14 21:30:04,388 [ERROR] ConditionMgr:805 - Attr not supported : Dmpu
2024-11-14 21:30:04,388 [ERROR] ConditionMgr:805 - Attr not supported : Dmpu
2024-11-14 21:30:04,388 [ERROR] ConditionMgr:805 - Attr not supported : Dmpu
2024-11-14 21:30:04,388 [ERROR] ConditionMgr:805 - Attr not supported : Dmpu
2024-11-14 21:30:04,388 [ERROR] ConditionMgr:805 - Attr not supported : Dmpu
2024-11-14 21:30:04,388 [ERROR] ConditionMgr:805 - Attr not supported : Dmpu
2024-11-14 21:30:04,388 [ERROR] ConditionMgr:805 - Attr not supported : Dmpu
2024-11-14 21:30:04,388 [ERROR] ConditionMgr:805 - Attr not supported : Dmpu
2024-11-14 21:30:04,388 [ERROR] ConditionMgr:805 - Attr not supported : Dmpu
2024-11-14 21:30:04,388 [ERROR] ConditionMgr:805 - Attr not supported : Dmpu
2024-11-14 21:30:04,388 [ERROR] ConditionMgr:805 - Attr not supported : Dmpu
2024-11-14 21:30:04,388 [ERROR] ConditionMgr:805 - Attr not supported : Dmpu
2024-11-14 21:30:04,389 [ERROR] ConditionMgr:805 - Attr not supported : Dmpu
2024-11-14 21:30:04,389 [ERROR] ConditionMgr:805 - Attr not supported : Dmpu
2024-11-14 21:30:04,389 [ERROR] ConditionMgr:805 - Attr not supported : Dmpu
2024-11-14 21:30:04,389 [ERROR] ConditionMgr:805 - Attr not supported : Dmpu
2024-11-14 21:30:04,389 [ERROR] ConditionMgr:805 - Attr not supported : Dmpu
2024-11-14 21:30:04,389 [ERROR] ConditionMgr:805 - Attr not supported : Dmpu
2024-11-14 21:30:04,389 [ERROR] ConditionMgr:805 - Attr not supported : Dmpu
2024-11-14 21:30:04,389 [ERROR] ConditionMgr:805 - Attr not supported : Dmpu
2024-11-14 21:30:04,389 [ERROR] ConditionMgr:805 - Attr not supported : Dmpu
2024-11-14 21:30:04,389 [ERROR] ConditionMgr:805 - Attr not supported : Dmpu
2024-11-14 21:30:04,390 [ERROR] ConditionMgr:805 - Attr not supported : Dmpu
2024-11-14 21:30:04,390 [ERROR] ConditionMgr:805 - Attr not supported : Dmpu
2024-11-14 21:30:04,390 [ERROR] ConditionMgr:805 - Attr not supported : Dmpu
2024-11-14 21:30:04,390 [ERROR] ConditionMgr:805 - Attr not supported : Dmpu
2024-11-14 21:30:04,390 [ERROR] ConditionMgr:805 - Attr not supported : Dmpu
2024-11-14 21:30:04,390 [ERROR] ConditionMgr:805 - Attr not supported : Dmpu
2024-11-14 21:30:04,390 [ERROR] ConditionMgr:805 - Attr not supported : Dmpu
2024-11-14 21:30:04,390 [ERROR] ConditionMgr:805 - Attr not supported : Dmpu
2024-11-14 21:30:04,390 [ERROR] ConditionMgr:805 - Attr not supported : Dmpu
2024-11-14 21:30:04,390 [ERROR] ConditionMgr:805 - Attr not supported : Dmpu
2024-11-14 21:30:04,390 [ERROR] ConditionMgr:805 - Attr not supported : Dmpu
2024-11-14 21:30:04,391 [ERROR] ConditionMgr:805 - Attr not supported : Dmpu
2024-11-14 21:30:04,391 [ERROR] ConditionMgr:805 - Attr not supported : Dmpu
2024-11-14 21:30:04,391 [ERROR] ConditionMgr:805 - Attr not supported : Dmpu
2024-11-14 21:30:04,391 [ERROR] ConditionMgr:805 - Attr not supported : Dmpu
2024-11-14 21:30:04,391 [ERROR] ConditionMgr:805 - Attr not supported : Dmpu
2024-11-14 21:30:04,391 [ERROR] ConditionMgr:805 - Attr not supported : Dmpu
2024-11-14 21:30:04,391 [ERROR] ConditionMgr:805 - Attr not supported : Dmpu
2024-11-14 21:30:04,391 [ERROR] ConditionMgr:805 - Attr not supported : Dmpu
2024-11-14 21:30:04,391 [ERROR] ConditionMgr:805 - Attr not supported : Dmpu
2024-11-14 21:30:04,391 [ERROR] ConditionMgr:805 - Attr not supported : Dmpu
2024-11-14 21:30:04,421 [WARN] PackLoader:240 - Cannot read IP mode file for RealThread.X-CUBE-RT-Thread_Nano.4.1.1
2024-11-14 21:30:04,440 [WARN] PackLoader:240 - Cannot read IP mode file for wolfSSL.I-CUBE-wolfSSL.5.7.0
2024-11-14 21:30:04,459 [WARN] PackLoader:240 - Cannot read IP mode file for STMicroelectronics.FP-ATR-SIGFOX1.3.2.0
2024-11-14 21:30:04,482 [WARN] ConditionMgr:438 - getConditionDescription Invalid condition id : Cortex-A Device cause : null
2024-11-14 21:30:04,514 [WARN] ConditionMgr:1039 - genDependencies : Invalid condition id : Cortex-A Device cause : null
2024-11-14 21:30:04,514 [WARN] ConditionMgr:1039 - genDependencies : Invalid condition id : Cortex-A Device cause : null
2024-11-14 21:30:04,514 [WARN] ConditionMgr:1039 - genDependencies : Invalid condition id : Cortex-A Device cause : null
2024-11-14 21:30:04,533 [WARN] PackLoader:240 - Cannot read IP mode file for STMicroelectronics.X-CUBE-EEPRMA1.5.1.0
2024-11-14 21:30:04,555 [WARN] PackLoader:240 - Cannot read IP mode file for ITTIA_DB.I-CUBE-ITTIADB.8.9.0
2024-11-14 21:30:04,612 [WARN] PackLoader:240 - Cannot read IP mode file for SEGGER.I-CUBE-embOS.1.3.1
2024-11-14 21:30:04,678 [WARN] PackLoader:240 - Cannot read IP mode file for STMicroelectronics.X-CUBE-ALGOBUILD.1.4.0
2024-11-14 21:30:04,697 [WARN] PackLoader:240 - Cannot read IP mode file for STMicroelectronics.X-CUBE-AI.9.1.0
2024-11-14 21:30:04,741 [WARN] PackLoader:240 - Cannot read IP mode file for STMicroelectronics.X-CUBE-GNSS1.6.0.0
2024-11-14 21:30:04,799 [WARN] PackLoader:240 - Cannot read IP mode file for STMicroelectronics.X-CUBE-AZRTOS-F4.1.1.0
2024-11-14 21:30:04,816 [WARN] PackLoader:240 - Cannot read IP mode file for STMicroelectronics.X-CUBE-ISPU.2.1.0
2024-11-14 21:30:04,833 [WARN] PackLoader:240 - Cannot read IP mode file for STMicroelectronics.X-CUBE-FREERTOS.1.2.0
2024-11-14 21:30:04,882 [WARN] PackLoader:240 - Cannot read IP mode file for STMicroelectronics.X-CUBE-AZRTOS-L5.2.0.0
2024-11-14 21:30:04,903 [WARN] PackLoader:240 - Cannot read IP mode file for STMicroelectronics.X-CUBE-NFC6.3.1.0
2024-11-14 21:30:04,920 [WARN] PackLoader:240 - Cannot read IP mode file for STMicroelectronics.X-CUBE-DPower.1.2.0
2024-11-14 21:30:04,933 [WARN] PackLoader:240 - Cannot read IP mode file for STMicroelectronics.X-CUBE-AI.9.0.0
2024-11-14 21:30:04,948 [WARN] PackLoader:240 - Cannot read IP mode file for STMicroelectronics.X-CUBE-NFC7.1.0.1
2024-11-14 21:30:04,963 [WARN] PackLoader:240 - Cannot read IP mode file for wolfSSL.I-CUBE-wolfTPM.3.2.0
2024-11-14 21:30:04,995 [WARN] ConditionMgr:438 - getConditionDescription Invalid condition id : LAN8742 Phy interface Condition cause : null
2024-11-14 21:30:04,996 [WARN] PackLoader:240 - Cannot read IP mode file for STMicroelectronics.X-CUBE-AZRTOS-L4.2.0.0
2024-11-14 21:30:04,997 [WARN] ConditionMgr:1039 - genDependencies : Invalid condition id : LAN8742 Phy interface Condition cause : null
2024-11-14 21:30:04,997 [WARN] ConditionMgr:1039 - genDependencies : Invalid condition id : LAN8742 Phy interface Condition cause : null
2024-11-14 21:30:04,998 [WARN] ConditionMgr:1039 - genDependencies : Invalid condition id : LAN8742 Phy interface Condition cause : null
2024-11-14 21:30:05,016 [WARN] PackLoader:240 - Cannot read IP mode file for STMicroelectronics.X-CUBE-SFXS2LP1.4.0.0
2024-11-14 21:30:05,061 [WARN] PackLoader:240 - Cannot read IP mode file for STMicroelectronics.X-CUBE-AZRTOS-H7.3.3.0
2024-11-14 21:30:05,084 [WARN] PackLoader:240 - Cannot read IP mode file for STMicroelectronics.X-CUBE-IPS.3.0.0
2024-11-14 21:30:05,116 [WARN] ConditionMgr:438 - getConditionDescription Invalid condition id : UX DEVICE CLASS RTOS Condition cause : null
2024-11-14 21:30:05,116 [WARN] ConditionMgr:438 - getConditionDescription Invalid condition id : UX DEVICE CLASS RTOS Condition cause : null
2024-11-14 21:30:05,118 [WARN] PackLoader:240 - Cannot read IP mode file for STMicroelectronics.X-CUBE-AZRTOS-WB.2.0.0
2024-11-14 21:30:05,119 [WARN] ConditionMgr:1039 - genDependencies : Invalid condition id : UX DEVICE CLASS RTOS Condition cause : null
2024-11-14 21:30:05,119 [WARN] ConditionMgr:1039 - genDependencies : Invalid condition id : UX DEVICE CLASS RTOS Condition cause : null
2024-11-14 21:30:05,119 [WARN] ConditionMgr:1039 - genDependencies : Invalid condition id : UX DEVICE CLASS RTOS Condition cause : null
2024-11-14 21:30:05,120 [WARN] ConditionMgr:1039 - genDependencies : Invalid condition id : UX DEVICE CLASS RTOS Condition cause : null
2024-11-14 21:30:05,120 [WARN] ConditionMgr:1039 - genDependencies : Invalid condition id : UX DEVICE CLASS RTOS Condition cause : null
2024-11-14 21:30:05,136 [WARN] PackLoader:240 - Cannot read IP mode file for STMicroelectronics.X-CUBE-GNSS1.7.0.0
2024-11-14 21:30:05,155 [WARN] PackLoader:240 - Cannot read IP mode file for STMicroelectronics.FP-SNS-STBOX1.2.0.0
2024-11-14 21:30:05,193 [WARN] PackLoader:240 - Cannot read IP mode file for STMicroelectronics.X-CUBE-SUBG2.5.0.0
2024-11-14 21:30:05,229 [WARN] PackLoader:240 - Cannot read IP mode file for STMicroelectronics.X-CUBE-AZRTOS-G4.2.0.0
2024-11-14 21:30:05,245 [WARN] PackLoader:240 - Cannot read IP mode file for STMicroelectronics.X-CUBE-ISPU.2.0.0
2024-11-14 21:30:05,269 [WARN] PackLoader:240 - Cannot read IP mode file for STMicroelectronics.X-CUBE-ALS.1.0.2
2024-11-14 21:30:05,352 [WARN] PackLoader:240 - Cannot read IP mode file for STMicroelectronics.X-CUBE-MEMS1.10.0.0
2024-11-14 21:30:05,587 [WARN] PackLoader:240 - Cannot read IP mode file for STMicroelectronics.X-CUBE-TOUCHGFX.4.24.0
2024-11-14 21:30:05,602 [WARN] PackLoader:240 - Cannot read IP mode file for STMicroelectronics.X-CUBE-TOUCHGFX.4.24.1
2024-11-14 21:30:05,621 [WARN] PackLoader:240 - Cannot read IP mode file for portGmbH.I-Cube-SoM-uGOAL.1.1.0
2024-11-14 21:30:05,632 [WARN] PackLoader:240 - Cannot read IP mode file for STMicroelectronics.X-CUBE-ALS.1.0.1
2024-11-14 21:30:05,675 [WARN] PackLoader:240 - Cannot read IP mode file for STMicroelectronics.X-CUBE-AZRTOS-H7RS.1.0.0
2024-11-14 21:30:05,695 [WARN] PackLoader:240 - Cannot read IP mode file for STMicroelectronics.FP-ATR-ASTRA1.2.0.0
2024-11-14 21:30:05,721 [WARN] PackLoader:240 - Cannot read IP mode file for STMicroelectronics.X-CUBE-TOF1.3.4.2
2024-11-14 21:30:05,770 [WARN] PackLoader:240 - Cannot read IP mode file for STMicroelectronics.X-CUBE-TOF1.3.4.1
2024-11-14 21:30:05,841 [WARN] PackLoader:240 - Cannot read IP mode file for STMicroelectronics.X-CUBE-AZRTOS-H7.3.2.0
2024-11-14 21:30:05,881 [WARN] PackLoader:240 - Cannot read IP mode file for Infineon.AIROC-Wi-Fi-Bluetooth-STM32.1.6.0
2024-11-14 21:30:05,901 [WARN] PackLoader:240 - Cannot read IP mode file for wolfSSL.I-CUBE-wolfSSH.1.4.17
2024-11-14 21:30:05,902 [INFO] ThirdParty:978 - Integrity check success = true
2024-11-14 21:30:05,902 [INFO] IntegrityCheckThread:100 - exiting critical section [integrity check]
2024-11-14 21:30:05,902 [INFO] IntegrityCheckThread:103 - End integrity checks thread
2024-11-14 21:30:10,905 [INFO] WebApp:167 - Instantiating new browser for Auth
2024-11-14 21:30:11,828 [INFO] WebApp:448 - Apply proxy settings
2024-11-14 21:30:11,828 [INFO] WebApp:533 - Chromium requires no authentication
2024-11-14 21:30:11,855 [INFO] WebApp:476 - Direct internet connection detected
2024-11-14 21:30:11,911 [INFO] WebApp:869 - Register for checkConnection events
2024-11-14 21:30:11,911 [INFO] WebApp:448 - Apply proxy settings
2024-11-14 21:30:11,911 [INFO] WebApp:533 - Chromium requires no authentication
2024-11-14 21:30:11,912 [INFO] WebApp:476 - Direct internet connection detected
2024-11-14 21:30:12,182 [INFO] WebApp:186 - Connection restablished
2024-11-14 21:30:12,218 [INFO] WebApp:220 - Starting web application
2024-11-14 21:30:12,218 [INFO] WebApp:578 - Web application path used C:\ST\STM32CubeIDE_1.16.1\STM32CubeIDE\plugins\com.st.stm32cube.common.mx_6.12.1.202409122256\db\plugins\mcufinder\reactClient1\index.html
2024-11-14 22:39:01,932 [ERROR] LogOutputStream:75 - [STDERR_REDIRECT] 
